2023-12-05 16:56:19,076 [Worker-5: Loading available Gradle versions] INFO  o.e.b.c.i.u.g.PublishedGradleVersions - Gradle version information cache is out-of-date. Trying to update.
2023-12-05 17:08:22,617 [Worker-0: Loading available Gradle versions] INFO  o.e.b.c.i.u.g.PublishedGradleVersions - Gradle version information cache is up-to-date. Trying to read.
2023-12-05 17:17:35,983 [Worker-4: Loading available Gradle versions] INFO  o.e.b.c.i.u.g.PublishedGradleVersions - Gradle version information cache is up-to-date. Trying to read.
2023-12-05 19:53:47,547 [ModalContext] ERROR o.e.m.c.i.p.r.ProjectRegistryReader - Can't write workspace state
java.io.FileNotFoundException: C:\Users\fatim\OneDrive\Documentos\Eclipse-workspaces\Cursodia\JavaEE\.metadata\.plugins\org.eclipse.m2e.core\workspaceState.ser (El sistema no puede encontrar la ruta especificada)
	at java.base/java.io.FileOutputStream.open0(Native Method)
	at java.base/java.io.FileOutputStream.open(FileOutputStream.java:293)
	at java.base/java.io.FileOutputStream.<init>(FileOutputStream.java:235)
	at java.base/java.io.FileOutputStream.<init>(FileOutputStream.java:184)
	at org.eclipse.m2e.core.internal.project.registry.ProjectRegistryReader.createObjectOutputStream(ProjectRegistryReader.java:137)
	at org.eclipse.m2e.core.internal.project.registry.ProjectRegistryReader.writeWorkspaceState(ProjectRegistryReader.java:127)
	at org.eclipse.m2e.core.internal.project.registry.ProjectRegistryManager.writeWorkspaceState(ProjectRegistryManager.java:977)
	at org.eclipse.m2e.core.internal.MavenPluginActivator$1.saving(MavenPluginActivator.java:142)
	at org.eclipse.core.internal.resources.SaveManager.executeLifecycle(SaveManager.java:387)
	at org.eclipse.core.internal.resources.SaveManager$1.run(SaveManager.java:204)
	at org.eclipse.core.runtime.SafeRunner.run(SafeRunner.java:45)
	at org.eclipse.core.internal.resources.SaveManager.broadcastLifecycle(SaveManager.java:207)
	at org.eclipse.core.internal.resources.SaveManager.save(SaveManager.java:1164)
	at org.eclipse.core.internal.resources.Workspace.save(Workspace.java:2356)
	at org.eclipse.ui.internal.ide.application.IDEWorkbenchAdvisor.lambda$1(IDEWorkbenchAdvisor.java:554)
	at org.eclipse.jface.operation.ModalContext$ModalContextThread.run(ModalContext.java:122)
2023-12-05 19:54:16,076 [Worker-4: Loading available Gradle versions] INFO  o.e.b.c.i.u.g.PublishedGradleVersions - Gradle version information cache is up-to-date. Trying to read.
2023-12-05 19:54:46,497 [Worker-2: Loading available Gradle versions] INFO  o.e.b.c.i.u.g.PublishedGradleVersions - Gradle version information cache is up-to-date. Trying to read.
2023-12-05 19:55:59,980 [Worker-2: Loading available Gradle versions] INFO  o.e.b.c.i.u.g.PublishedGradleVersions - Gradle version information cache is up-to-date. Trying to read.
2023-12-06 11:05:01,759 [Worker-5: Loading available Gradle versions] INFO  o.e.b.c.i.u.g.PublishedGradleVersions - Gradle version information cache is up-to-date. Trying to read.
2023-12-06 11:11:34,356 [Worker-4: Enabling Maven Dependency Management] INFO  o.e.m.c.i.l.LifecycleMappingFactory - Using org.maven.ide.eclipse.wtp.WarLifecycleMapping lifecycle mapping for MavenProject: TiendaVideojuegos:TiendaVideojuegos:0.0.1-SNAPSHOT @ C:\Users\fatim\OneDrive\Documentos\Eclipse-workspaces\Cursodia\JavaEE\TiendaVideojuegos\pom.xml.
2023-12-06 11:11:36,124 [Worker-29: Building] WARN  o.e.m.c.i.embedder.EclipseLogger - Using platform encoding (UTF-8 actually) to copy filtered resources, i.e. build is platform dependent!
2023-12-06 11:11:36,125 [Worker-29: Building] INFO  o.e.m.c.i.embedder.EclipseLogger - skip non existing resourceDirectory C:\Users\fatim\OneDrive\Documentos\Eclipse-workspaces\Cursodia\JavaEE\TiendaVideojuegos\src\main\resources
2023-12-06 11:11:36,129 [Worker-29: Building] WARN  o.e.m.c.i.embedder.EclipseLogger - Using platform encoding (UTF-8 actually) to copy filtered resources, i.e. build is platform dependent!
2023-12-06 11:11:36,130 [Worker-29: Building] INFO  o.e.m.c.i.embedder.EclipseLogger - skip non existing resourceDirectory C:\Users\fatim\OneDrive\Documentos\Eclipse-workspaces\Cursodia\JavaEE\TiendaVideojuegos\src\test\resources
2023-12-06 11:11:36,165 [Worker-4: Enabling Maven Dependency Management] INFO  o.e.m.j.i.AbstractJavaProjectConfigurator - Adding source folder /TiendaVideojuegos/src/main/java
2023-12-06 11:11:36,166 [Worker-4: Enabling Maven Dependency Management] INFO  o.e.m.j.i.AbstractJavaProjectConfigurator - Adding source folder /TiendaVideojuegos/src/test/java
2023-12-06 11:11:36,928 [Worker-4: Enabling Maven Dependency Management] INFO  o.e.m.c.i.p.ProjectConfigurationManager - Update started
2023-12-06 11:11:37,331 [Worker-4: Enabling Maven Dependency Management] INFO  o.e.m.c.i.l.LifecycleMappingFactory - Using org.maven.ide.eclipse.wtp.WarLifecycleMapping lifecycle mapping for MavenProject: TiendaVideojuegos:TiendaVideojuegos:0.0.1-SNAPSHOT @ C:\Users\fatim\OneDrive\Documentos\Eclipse-workspaces\Cursodia\JavaEE\TiendaVideojuegos\pom.xml.
2023-12-06 11:11:38,197 [Worker-4: Enabling Maven Dependency Management] INFO  o.e.m.j.i.AbstractJavaProjectConfigurator - Adding source folder /TiendaVideojuegos/src/main/java
2023-12-06 11:11:38,198 [Worker-4: Enabling Maven Dependency Management] INFO  o.e.m.j.i.AbstractJavaProjectConfigurator - Adding source folder /TiendaVideojuegos/src/test/java
2023-12-06 11:11:38,627 [Worker-31: Building] WARN  o.e.m.c.i.embedder.EclipseLogger - Using platform encoding (UTF-8 actually) to copy filtered resources, i.e. build is platform dependent!
2023-12-06 11:11:38,628 [Worker-31: Building] INFO  o.e.m.c.i.embedder.EclipseLogger - skip non existing resourceDirectory C:\Users\fatim\OneDrive\Documentos\Eclipse-workspaces\Cursodia\JavaEE\TiendaVideojuegos\src\main\resources
2023-12-06 11:11:38,632 [Worker-31: Building] WARN  o.e.m.c.i.embedder.EclipseLogger - Using platform encoding (UTF-8 actually) to copy filtered resources, i.e. build is platform dependent!
2023-12-06 11:11:38,638 [Worker-31: Building] INFO  o.e.m.c.i.embedder.EclipseLogger - skip non existing resourceDirectory C:\Users\fatim\OneDrive\Documentos\Eclipse-workspaces\Cursodia\JavaEE\TiendaVideojuegos\src\test\resources
2023-12-06 11:11:38,639 [Worker-31: Building] INFO  o.e.m.w.i.f.ResourceFilteringBuildParticipant - Changed resources require a complete clean of filtered resources of TiendaVideojuegos
2023-12-06 11:11:38,643 [Worker-31: Building] INFO  o.e.m.w.i.f.ResourceFilteringBuildParticipant - Executing resource filtering for TiendaVideojuegos
2023-12-06 11:11:38,654 [Worker-31: Building] WARN  o.e.m.c.i.embedder.EclipseLogger - The POM for org.apache.maven.plugins:maven-clean-plugin:jar:2.5 is missing, no dependency information available
2023-12-06 11:11:38,664 [Worker-31: Building] WARN  o.e.m.c.i.embedder.EclipseLogger - Using platform encoding (UTF-8 actually) to copy filtered resources, i.e. build is platform dependent!
2023-12-06 11:11:38,711 [Worker-4: Enabling Maven Dependency Management] INFO  o.e.m.w.i.f.ResourceFilteringBuildParticipant - Cleaning filtered folder for TiendaVideojuegos
2023-12-06 11:11:38,738 [Worker-4: Enabling Maven Dependency Management] INFO  o.e.m.c.i.p.ProjectConfigurationManager - Update completed: 1 sec
2023-12-06 11:11:39,830 [Worker-32: Building] WARN  o.e.m.c.i.embedder.EclipseLogger - Using platform encoding (UTF-8 actually) to copy filtered resources, i.e. build is platform dependent!
2023-12-06 11:11:39,831 [Worker-32: Building] INFO  o.e.m.c.i.embedder.EclipseLogger - skip non existing resourceDirectory C:\Users\fatim\OneDrive\Documentos\Eclipse-workspaces\Cursodia\JavaEE\TiendaVideojuegos\src\main\resources
2023-12-06 11:11:39,834 [Worker-32: Building] WARN  o.e.m.c.i.embedder.EclipseLogger - Using platform encoding (UTF-8 actually) to copy filtered resources, i.e. build is platform dependent!
2023-12-06 11:11:39,835 [Worker-32: Building] INFO  o.e.m.c.i.embedder.EclipseLogger - skip non existing resourceDirectory C:\Users\fatim\OneDrive\Documentos\Eclipse-workspaces\Cursodia\JavaEE\TiendaVideojuegos\src\test\resources
2023-12-06 11:11:39,837 [Worker-32: Building] INFO  o.e.m.w.i.f.ResourceFilteringBuildParticipant - Changed resources require a complete clean of filtered resources of TiendaVideojuegos
2023-12-06 11:11:39,837 [Worker-32: Building] INFO  o.e.m.w.i.f.ResourceFilteringBuildParticipant - Executing resource filtering for TiendaVideojuegos
2023-12-06 11:11:39,842 [Worker-32: Building] WARN  o.e.m.c.i.embedder.EclipseLogger - Using platform encoding (UTF-8 actually) to copy filtered resources, i.e. build is platform dependent!
2023-12-06 11:58:46,668 [Worker-44: Building] INFO  o.e.m.c.i.l.LifecycleMappingFactory - Using org.maven.ide.eclipse.wtp.WarLifecycleMapping lifecycle mapping for MavenProject: TiendaVideojuegos:TiendaVideojuegos:0.0.1-SNAPSHOT @ C:\Users\fatim\OneDrive\Documentos\Eclipse-workspaces\Cursodia\JavaEE\TiendaVideojuegos\pom.xml.
2023-12-06 11:58:46,676 [Worker-44: Building] WARN  o.a.m.r.i.DefaultArtifactDescriptorReader - The artifact mysql:mysql-connector-java:jar:8.0.31 has been relocated to com.mysql:mysql-connector-j:jar:8.0.31: MySQL Connector/J artifacts moved to reverse-DNS compliant Maven 2+ coordinates.
2023-12-06 11:58:46,707 [Worker-44: Building] WARN  o.a.m.r.i.DefaultArtifactDescriptorReader - The artifact mysql:mysql-connector-java:jar:8.0.31 has been relocated to com.mysql:mysql-connector-j:jar:8.0.31: MySQL Connector/J artifacts moved to reverse-DNS compliant Maven 2+ coordinates.
2023-12-06 11:58:47,426 [Worker-44: Building] WARN  o.e.m.c.i.embedder.EclipseLogger - Using platform encoding (UTF-8 actually) to copy filtered resources, i.e. build is platform dependent!
2023-12-06 11:58:47,427 [Worker-44: Building] INFO  o.e.m.c.i.embedder.EclipseLogger - skip non existing resourceDirectory C:\Users\fatim\OneDrive\Documentos\Eclipse-workspaces\Cursodia\JavaEE\TiendaVideojuegos\src\main\resources
2023-12-06 11:58:47,430 [Worker-44: Building] WARN  o.e.m.c.i.embedder.EclipseLogger - Using platform encoding (UTF-8 actually) to copy filtered resources, i.e. build is platform dependent!
2023-12-06 11:58:47,431 [Worker-44: Building] INFO  o.e.m.c.i.embedder.EclipseLogger - skip non existing resourceDirectory C:\Users\fatim\OneDrive\Documentos\Eclipse-workspaces\Cursodia\JavaEE\TiendaVideojuegos\src\test\resources
2023-12-06 11:58:47,432 [Worker-44: Building] INFO  o.e.m.w.i.f.ResourceFilteringBuildParticipant - Changed resources require a complete clean of filtered resources of TiendaVideojuegos
2023-12-06 11:58:47,433 [Worker-44: Building] INFO  o.e.m.w.i.f.ResourceFilteringBuildParticipant - Executing resource filtering for TiendaVideojuegos
2023-12-06 11:58:47,438 [Worker-44: Building] WARN  o.e.m.c.i.embedder.EclipseLogger - Using platform encoding (UTF-8 actually) to copy filtered resources, i.e. build is platform dependent!
2023-12-06 12:04:18,724 [Worker-24: Building] WARN  o.a.m.r.i.DefaultArtifactDescriptorReader - The artifact mysql:mysql-connector-java:jar:8.0.31 has been relocated to com.mysql:mysql-connector-j:jar:8.0.31: MySQL Connector/J artifacts moved to reverse-DNS compliant Maven 2+ coordinates.
2023-12-06 12:04:18,742 [Worker-24: Building] WARN  o.e.m.c.i.embedder.EclipseLogger - Using platform encoding (UTF-8 actually) to copy filtered resources, i.e. build is platform dependent!
2023-12-06 12:04:18,743 [Worker-24: Building] INFO  o.e.m.c.i.embedder.EclipseLogger - skip non existing resourceDirectory C:\Users\fatim\OneDrive\Documentos\Eclipse-workspaces\Cursodia\JavaEE\TiendaVideojuegos\src\main\resources
2023-12-06 12:04:18,744 [Worker-24: Building] WARN  o.e.m.c.i.embedder.EclipseLogger - Using platform encoding (UTF-8 actually) to copy filtered resources, i.e. build is platform dependent!
2023-12-06 12:04:18,746 [Worker-24: Building] INFO  o.e.m.c.i.embedder.EclipseLogger - skip non existing resourceDirectory C:\Users\fatim\OneDrive\Documentos\Eclipse-workspaces\Cursodia\JavaEE\TiendaVideojuegos\src\test\resources
2023-12-06 12:04:32,561 [Worker-50: Building] WARN  o.e.m.c.i.embedder.EclipseLogger - Using platform encoding (UTF-8 actually) to copy filtered resources, i.e. build is platform dependent!
2023-12-06 12:04:32,564 [Worker-50: Building] INFO  o.e.m.c.i.embedder.EclipseLogger - skip non existing resourceDirectory C:\Users\fatim\OneDrive\Documentos\Eclipse-workspaces\Cursodia\JavaEE\TiendaVideojuegos\src\main\resources
2023-12-06 12:04:32,566 [Worker-50: Building] WARN  o.e.m.c.i.embedder.EclipseLogger - Using platform encoding (UTF-8 actually) to copy filtered resources, i.e. build is platform dependent!
2023-12-06 12:04:32,568 [Worker-50: Building] INFO  o.e.m.c.i.embedder.EclipseLogger - skip non existing resourceDirectory C:\Users\fatim\OneDrive\Documentos\Eclipse-workspaces\Cursodia\JavaEE\TiendaVideojuegos\src\test\resources
2023-12-06 12:10:38,499 [Worker-54: Building] WARN  o.e.m.c.i.embedder.EclipseLogger - Using platform encoding (UTF-8 actually) to copy filtered resources, i.e. build is platform dependent!
2023-12-06 12:10:38,500 [Worker-54: Building] INFO  o.e.m.c.i.embedder.EclipseLogger - skip non existing resourceDirectory C:\Users\fatim\OneDrive\Documentos\Eclipse-workspaces\Cursodia\JavaEE\TiendaVideojuegos\src\main\resources
2023-12-06 12:10:38,501 [Worker-54: Building] WARN  o.e.m.c.i.embedder.EclipseLogger - Using platform encoding (UTF-8 actually) to copy filtered resources, i.e. build is platform dependent!
2023-12-06 12:10:38,502 [Worker-54: Building] INFO  o.e.m.c.i.embedder.EclipseLogger - skip non existing resourceDirectory C:\Users\fatim\OneDrive\Documentos\Eclipse-workspaces\Cursodia\JavaEE\TiendaVideojuegos\src\test\resources
2023-12-06 12:11:00,227 [Worker-48: Building] WARN  o.e.m.c.i.embedder.EclipseLogger - Using platform encoding (UTF-8 actually) to copy filtered resources, i.e. build is platform dependent!
2023-12-06 12:11:00,228 [Worker-48: Building] INFO  o.e.m.c.i.embedder.EclipseLogger - skip non existing resourceDirectory C:\Users\fatim\OneDrive\Documentos\Eclipse-workspaces\Cursodia\JavaEE\TiendaVideojuegos\src\main\resources
2023-12-06 12:11:00,230 [Worker-48: Building] WARN  o.e.m.c.i.embedder.EclipseLogger - Using platform encoding (UTF-8 actually) to copy filtered resources, i.e. build is platform dependent!
2023-12-06 12:11:00,232 [Worker-48: Building] INFO  o.e.m.c.i.embedder.EclipseLogger - skip non existing resourceDirectory C:\Users\fatim\OneDrive\Documentos\Eclipse-workspaces\Cursodia\JavaEE\TiendaVideojuegos\src\test\resources
2023-12-06 12:11:30,156 [Worker-54: Building] WARN  o.e.m.c.i.embedder.EclipseLogger - Using platform encoding (UTF-8 actually) to copy filtered resources, i.e. build is platform dependent!
2023-12-06 12:11:30,157 [Worker-54: Building] INFO  o.e.m.c.i.embedder.EclipseLogger - skip non existing resourceDirectory C:\Users\fatim\OneDrive\Documentos\Eclipse-workspaces\Cursodia\JavaEE\TiendaVideojuegos\src\main\resources
2023-12-06 12:11:30,158 [Worker-54: Building] WARN  o.e.m.c.i.embedder.EclipseLogger - Using platform encoding (UTF-8 actually) to copy filtered resources, i.e. build is platform dependent!
2023-12-06 12:11:30,159 [Worker-54: Building] INFO  o.e.m.c.i.embedder.EclipseLogger - skip non existing resourceDirectory C:\Users\fatim\OneDrive\Documentos\Eclipse-workspaces\Cursodia\JavaEE\TiendaVideojuegos\src\test\resources
2023-12-06 12:26:28,481 [Worker-57: Building] WARN  o.e.m.c.i.embedder.EclipseLogger - Using platform encoding (UTF-8 actually) to copy filtered resources, i.e. build is platform dependent!
2023-12-06 12:26:28,482 [Worker-57: Building] INFO  o.e.m.c.i.embedder.EclipseLogger - skip non existing resourceDirectory C:\Users\fatim\OneDrive\Documentos\Eclipse-workspaces\Cursodia\JavaEE\TiendaVideojuegos\src\main\resources
2023-12-06 12:26:28,484 [Worker-57: Building] WARN  o.e.m.c.i.embedder.EclipseLogger - Using platform encoding (UTF-8 actually) to copy filtered resources, i.e. build is platform dependent!
2023-12-06 12:26:28,485 [Worker-57: Building] INFO  o.e.m.c.i.embedder.EclipseLogger - skip non existing resourceDirectory C:\Users\fatim\OneDrive\Documentos\Eclipse-workspaces\Cursodia\JavaEE\TiendaVideojuegos\src\test\resources
2023-12-06 12:27:21,687 [Worker-58: Building] WARN  o.e.m.c.i.embedder.EclipseLogger - Using platform encoding (UTF-8 actually) to copy filtered resources, i.e. build is platform dependent!
2023-12-06 12:27:21,689 [Worker-58: Building] INFO  o.e.m.c.i.embedder.EclipseLogger - skip non existing resourceDirectory C:\Users\fatim\OneDrive\Documentos\Eclipse-workspaces\Cursodia\JavaEE\TiendaVideojuegos\src\main\resources
2023-12-06 12:27:21,691 [Worker-58: Building] WARN  o.e.m.c.i.embedder.EclipseLogger - Using platform encoding (UTF-8 actually) to copy filtered resources, i.e. build is platform dependent!
2023-12-06 12:27:21,692 [Worker-58: Building] INFO  o.e.m.c.i.embedder.EclipseLogger - skip non existing resourceDirectory C:\Users\fatim\OneDrive\Documentos\Eclipse-workspaces\Cursodia\JavaEE\TiendaVideojuegos\src\test\resources
2023-12-06 12:31:05,396 [Worker-57: Building] WARN  o.e.m.c.i.embedder.EclipseLogger - Using platform encoding (UTF-8 actually) to copy filtered resources, i.e. build is platform dependent!
2023-12-06 12:31:05,398 [Worker-57: Building] INFO  o.e.m.c.i.embedder.EclipseLogger - skip non existing resourceDirectory C:\Users\fatim\OneDrive\Documentos\Eclipse-workspaces\Cursodia\JavaEE\TiendaVideojuegos\src\main\resources
2023-12-06 12:31:05,399 [Worker-57: Building] WARN  o.e.m.c.i.embedder.EclipseLogger - Using platform encoding (UTF-8 actually) to copy filtered resources, i.e. build is platform dependent!
2023-12-06 12:31:05,400 [Worker-57: Building] INFO  o.e.m.c.i.embedder.EclipseLogger - skip non existing resourceDirectory C:\Users\fatim\OneDrive\Documentos\Eclipse-workspaces\Cursodia\JavaEE\TiendaVideojuegos\src\test\resources
2023-12-06 12:32:53,033 [Worker-58: Building] WARN  o.e.m.c.i.embedder.EclipseLogger - Using platform encoding (UTF-8 actually) to copy filtered resources, i.e. build is platform dependent!
2023-12-06 12:32:53,035 [Worker-58: Building] INFO  o.e.m.c.i.embedder.EclipseLogger - skip non existing resourceDirectory C:\Users\fatim\OneDrive\Documentos\Eclipse-workspaces\Cursodia\JavaEE\TiendaVideojuegos\src\main\resources
2023-12-06 12:32:53,038 [Worker-58: Building] WARN  o.e.m.c.i.embedder.EclipseLogger - Using platform encoding (UTF-8 actually) to copy filtered resources, i.e. build is platform dependent!
2023-12-06 12:32:53,039 [Worker-58: Building] INFO  o.e.m.c.i.embedder.EclipseLogger - skip non existing resourceDirectory C:\Users\fatim\OneDrive\Documentos\Eclipse-workspaces\Cursodia\JavaEE\TiendaVideojuegos\src\test\resources
2023-12-06 12:50:29,177 [Worker-59: Building] WARN  o.e.m.c.i.embedder.EclipseLogger - Using platform encoding (UTF-8 actually) to copy filtered resources, i.e. build is platform dependent!
2023-12-06 12:50:29,179 [Worker-59: Building] INFO  o.e.m.c.i.embedder.EclipseLogger - skip non existing resourceDirectory C:\Users\fatim\OneDrive\Documentos\Eclipse-workspaces\Cursodia\JavaEE\TiendaVideojuegos\src\main\resources
2023-12-06 12:50:29,182 [Worker-59: Building] WARN  o.e.m.c.i.embedder.EclipseLogger - Using platform encoding (UTF-8 actually) to copy filtered resources, i.e. build is platform dependent!
2023-12-06 12:50:29,183 [Worker-59: Building] INFO  o.e.m.c.i.embedder.EclipseLogger - skip non existing resourceDirectory C:\Users\fatim\OneDrive\Documentos\Eclipse-workspaces\Cursodia\JavaEE\TiendaVideojuegos\src\test\resources
2023-12-06 12:50:39,448 [Worker-61: Building] WARN  o.e.m.c.i.embedder.EclipseLogger - Using platform encoding (UTF-8 actually) to copy filtered resources, i.e. build is platform dependent!
2023-12-06 12:50:39,450 [Worker-61: Building] INFO  o.e.m.c.i.embedder.EclipseLogger - skip non existing resourceDirectory C:\Users\fatim\OneDrive\Documentos\Eclipse-workspaces\Cursodia\JavaEE\TiendaVideojuegos\src\main\resources
2023-12-06 12:50:39,452 [Worker-61: Building] WARN  o.e.m.c.i.embedder.EclipseLogger - Using platform encoding (UTF-8 actually) to copy filtered resources, i.e. build is platform dependent!
2023-12-06 12:50:39,452 [Worker-61: Building] INFO  o.e.m.c.i.embedder.EclipseLogger - skip non existing resourceDirectory C:\Users\fatim\OneDrive\Documentos\Eclipse-workspaces\Cursodia\JavaEE\TiendaVideojuegos\src\test\resources
2023-12-06 14:12:40,504 [Worker-59: Building] WARN  o.e.m.c.i.embedder.EclipseLogger - Using platform encoding (UTF-8 actually) to copy filtered resources, i.e. build is platform dependent!
2023-12-06 14:12:40,505 [Worker-59: Building] INFO  o.e.m.c.i.embedder.EclipseLogger - skip non existing resourceDirectory C:\Users\fatim\OneDrive\Documentos\Eclipse-workspaces\Cursodia\JavaEE\TiendaVideojuegos\src\main\resources
2023-12-06 14:12:40,506 [Worker-59: Building] WARN  o.e.m.c.i.embedder.EclipseLogger - Using platform encoding (UTF-8 actually) to copy filtered resources, i.e. build is platform dependent!
2023-12-06 14:12:40,506 [Worker-59: Building] INFO  o.e.m.c.i.embedder.EclipseLogger - skip non existing resourceDirectory C:\Users\fatim\OneDrive\Documentos\Eclipse-workspaces\Cursodia\JavaEE\TiendaVideojuegos\src\test\resources
2023-12-06 14:13:23,576 [Worker-67: Building] WARN  o.e.m.c.i.embedder.EclipseLogger - Using platform encoding (UTF-8 actually) to copy filtered resources, i.e. build is platform dependent!
2023-12-06 14:13:23,578 [Worker-67: Building] INFO  o.e.m.c.i.embedder.EclipseLogger - skip non existing resourceDirectory C:\Users\fatim\OneDrive\Documentos\Eclipse-workspaces\Cursodia\JavaEE\TiendaVideojuegos\src\main\resources
2023-12-06 14:13:23,579 [Worker-67: Building] WARN  o.e.m.c.i.embedder.EclipseLogger - Using platform encoding (UTF-8 actually) to copy filtered resources, i.e. build is platform dependent!
2023-12-06 14:13:23,580 [Worker-67: Building] INFO  o.e.m.c.i.embedder.EclipseLogger - skip non existing resourceDirectory C:\Users\fatim\OneDrive\Documentos\Eclipse-workspaces\Cursodia\JavaEE\TiendaVideojuegos\src\test\resources
2023-12-06 14:13:43,056 [Worker-61: Building] WARN  o.e.m.c.i.embedder.EclipseLogger - Using platform encoding (UTF-8 actually) to copy filtered resources, i.e. build is platform dependent!
2023-12-06 14:13:43,057 [Worker-61: Building] INFO  o.e.m.c.i.embedder.EclipseLogger - skip non existing resourceDirectory C:\Users\fatim\OneDrive\Documentos\Eclipse-workspaces\Cursodia\JavaEE\TiendaVideojuegos\src\main\resources
2023-12-06 14:13:43,058 [Worker-61: Building] WARN  o.e.m.c.i.embedder.EclipseLogger - Using platform encoding (UTF-8 actually) to copy filtered resources, i.e. build is platform dependent!
2023-12-06 14:13:43,058 [Worker-61: Building] INFO  o.e.m.c.i.embedder.EclipseLogger - skip non existing resourceDirectory C:\Users\fatim\OneDrive\Documentos\Eclipse-workspaces\Cursodia\JavaEE\TiendaVideojuegos\src\test\resources
2023-12-06 14:14:12,858 [Worker-65: Building] WARN  o.e.m.c.i.embedder.EclipseLogger - Using platform encoding (UTF-8 actually) to copy filtered resources, i.e. build is platform dependent!
2023-12-06 14:14:12,859 [Worker-65: Building] INFO  o.e.m.c.i.embedder.EclipseLogger - skip non existing resourceDirectory C:\Users\fatim\OneDrive\Documentos\Eclipse-workspaces\Cursodia\JavaEE\TiendaVideojuegos\src\main\resources
2023-12-06 14:14:12,860 [Worker-65: Building] WARN  o.e.m.c.i.embedder.EclipseLogger - Using platform encoding (UTF-8 actually) to copy filtered resources, i.e. build is platform dependent!
2023-12-06 14:14:12,860 [Worker-65: Building] INFO  o.e.m.c.i.embedder.EclipseLogger - skip non existing resourceDirectory C:\Users\fatim\OneDrive\Documentos\Eclipse-workspaces\Cursodia\JavaEE\TiendaVideojuegos\src\test\resources
2023-12-06 14:22:53,090 [Worker-66: Building] WARN  o.e.m.c.i.embedder.EclipseLogger - Using platform encoding (UTF-8 actually) to copy filtered resources, i.e. build is platform dependent!
2023-12-06 14:22:53,091 [Worker-66: Building] INFO  o.e.m.c.i.embedder.EclipseLogger - skip non existing resourceDirectory C:\Users\fatim\OneDrive\Documentos\Eclipse-workspaces\Cursodia\JavaEE\TiendaVideojuegos\src\main\resources
2023-12-06 14:22:53,093 [Worker-66: Building] WARN  o.e.m.c.i.embedder.EclipseLogger - Using platform encoding (UTF-8 actually) to copy filtered resources, i.e. build is platform dependent!
2023-12-06 14:22:53,096 [Worker-66: Building] INFO  o.e.m.c.i.embedder.EclipseLogger - skip non existing resourceDirectory C:\Users\fatim\OneDrive\Documentos\Eclipse-workspaces\Cursodia\JavaEE\TiendaVideojuegos\src\test\resources
2023-12-06 14:23:05,563 [Worker-70: Building] WARN  o.e.m.c.i.embedder.EclipseLogger - Using platform encoding (UTF-8 actually) to copy filtered resources, i.e. build is platform dependent!
2023-12-06 14:23:05,563 [Worker-70: Building] INFO  o.e.m.c.i.embedder.EclipseLogger - skip non existing resourceDirectory C:\Users\fatim\OneDrive\Documentos\Eclipse-workspaces\Cursodia\JavaEE\TiendaVideojuegos\src\main\resources
2023-12-06 14:23:05,565 [Worker-70: Building] WARN  o.e.m.c.i.embedder.EclipseLogger - Using platform encoding (UTF-8 actually) to copy filtered resources, i.e. build is platform dependent!
2023-12-06 14:23:05,566 [Worker-70: Building] INFO  o.e.m.c.i.embedder.EclipseLogger - skip non existing resourceDirectory C:\Users\fatim\OneDrive\Documentos\Eclipse-workspaces\Cursodia\JavaEE\TiendaVideojuegos\src\test\resources
2023-12-06 14:24:23,107 [Worker-66: Building] WARN  o.e.m.c.i.embedder.EclipseLogger - Using platform encoding (UTF-8 actually) to copy filtered resources, i.e. build is platform dependent!
2023-12-06 14:24:23,108 [Worker-66: Building] INFO  o.e.m.c.i.embedder.EclipseLogger - skip non existing resourceDirectory C:\Users\fatim\OneDrive\Documentos\Eclipse-workspaces\Cursodia\JavaEE\TiendaVideojuegos\src\main\resources
2023-12-06 14:24:23,110 [Worker-66: Building] WARN  o.e.m.c.i.embedder.EclipseLogger - Using platform encoding (UTF-8 actually) to copy filtered resources, i.e. build is platform dependent!
2023-12-06 14:24:23,112 [Worker-66: Building] INFO  o.e.m.c.i.embedder.EclipseLogger - skip non existing resourceDirectory C:\Users\fatim\OneDrive\Documentos\Eclipse-workspaces\Cursodia\JavaEE\TiendaVideojuegos\src\test\resources
2023-12-06 14:25:05,539 [Worker-70: Building] WARN  o.e.m.c.i.embedder.EclipseLogger - Using platform encoding (UTF-8 actually) to copy filtered resources, i.e. build is platform dependent!
2023-12-06 14:25:05,539 [Worker-70: Building] INFO  o.e.m.c.i.embedder.EclipseLogger - skip non existing resourceDirectory C:\Users\fatim\OneDrive\Documentos\Eclipse-workspaces\Cursodia\JavaEE\TiendaVideojuegos\src\main\resources
2023-12-06 14:25:05,540 [Worker-70: Building] WARN  o.e.m.c.i.embedder.EclipseLogger - Using platform encoding (UTF-8 actually) to copy filtered resources, i.e. build is platform dependent!
2023-12-06 14:25:05,540 [Worker-70: Building] INFO  o.e.m.c.i.embedder.EclipseLogger - skip non existing resourceDirectory C:\Users\fatim\OneDrive\Documentos\Eclipse-workspaces\Cursodia\JavaEE\TiendaVideojuegos\src\test\resources
2023-12-06 14:26:45,364 [Worker-70: Building] WARN  o.e.m.c.i.embedder.EclipseLogger - Using platform encoding (UTF-8 actually) to copy filtered resources, i.e. build is platform dependent!
2023-12-06 14:26:45,365 [Worker-70: Building] INFO  o.e.m.c.i.embedder.EclipseLogger - skip non existing resourceDirectory C:\Users\fatim\OneDrive\Documentos\Eclipse-workspaces\Cursodia\JavaEE\TiendaVideojuegos\src\main\resources
2023-12-06 14:26:45,366 [Worker-70: Building] WARN  o.e.m.c.i.embedder.EclipseLogger - Using platform encoding (UTF-8 actually) to copy filtered resources, i.e. build is platform dependent!
2023-12-06 14:26:45,366 [Worker-70: Building] INFO  o.e.m.c.i.embedder.EclipseLogger - skip non existing resourceDirectory C:\Users\fatim\OneDrive\Documentos\Eclipse-workspaces\Cursodia\JavaEE\TiendaVideojuegos\src\test\resources
2023-12-06 14:26:58,524 [Worker-73: Building] WARN  o.e.m.c.i.embedder.EclipseLogger - Using platform encoding (UTF-8 actually) to copy filtered resources, i.e. build is platform dependent!
2023-12-06 14:26:58,526 [Worker-73: Building] INFO  o.e.m.c.i.embedder.EclipseLogger - skip non existing resourceDirectory C:\Users\fatim\OneDrive\Documentos\Eclipse-workspaces\Cursodia\JavaEE\TiendaVideojuegos\src\main\resources
2023-12-06 14:26:58,528 [Worker-73: Building] WARN  o.e.m.c.i.embedder.EclipseLogger - Using platform encoding (UTF-8 actually) to copy filtered resources, i.e. build is platform dependent!
2023-12-06 14:26:58,529 [Worker-73: Building] INFO  o.e.m.c.i.embedder.EclipseLogger - skip non existing resourceDirectory C:\Users\fatim\OneDrive\Documentos\Eclipse-workspaces\Cursodia\JavaEE\TiendaVideojuegos\src\test\resources
2023-12-06 14:39:24,117 [Worker-77: Building] WARN  o.e.m.c.i.embedder.EclipseLogger - Using platform encoding (UTF-8 actually) to copy filtered resources, i.e. build is platform dependent!
2023-12-06 14:39:24,118 [Worker-77: Building] INFO  o.e.m.c.i.embedder.EclipseLogger - skip non existing resourceDirectory C:\Users\fatim\OneDrive\Documentos\Eclipse-workspaces\Cursodia\JavaEE\TiendaVideojuegos\src\main\resources
2023-12-06 14:39:24,121 [Worker-77: Building] WARN  o.e.m.c.i.embedder.EclipseLogger - Using platform encoding (UTF-8 actually) to copy filtered resources, i.e. build is platform dependent!
2023-12-06 14:39:24,123 [Worker-77: Building] INFO  o.e.m.c.i.embedder.EclipseLogger - skip non existing resourceDirectory C:\Users\fatim\OneDrive\Documentos\Eclipse-workspaces\Cursodia\JavaEE\TiendaVideojuegos\src\test\resources
2023-12-06 14:39:41,675 [Worker-77: Building] WARN  o.e.m.c.i.embedder.EclipseLogger - Using platform encoding (UTF-8 actually) to copy filtered resources, i.e. build is platform dependent!
2023-12-06 14:39:41,677 [Worker-77: Building] INFO  o.e.m.c.i.embedder.EclipseLogger - skip non existing resourceDirectory C:\Users\fatim\OneDrive\Documentos\Eclipse-workspaces\Cursodia\JavaEE\TiendaVideojuegos\src\main\resources
2023-12-06 14:39:41,678 [Worker-77: Building] WARN  o.e.m.c.i.embedder.EclipseLogger - Using platform encoding (UTF-8 actually) to copy filtered resources, i.e. build is platform dependent!
2023-12-06 14:39:41,679 [Worker-77: Building] INFO  o.e.m.c.i.embedder.EclipseLogger - skip non existing resourceDirectory C:\Users\fatim\OneDrive\Documentos\Eclipse-workspaces\Cursodia\JavaEE\TiendaVideojuegos\src\test\resources
2023-12-06 14:41:06,164 [Worker-78: Building] WARN  o.e.m.c.i.embedder.EclipseLogger - Using platform encoding (UTF-8 actually) to copy filtered resources, i.e. build is platform dependent!
2023-12-06 14:41:06,165 [Worker-78: Building] INFO  o.e.m.c.i.embedder.EclipseLogger - skip non existing resourceDirectory C:\Users\fatim\OneDrive\Documentos\Eclipse-workspaces\Cursodia\JavaEE\TiendaVideojuegos\src\main\resources
2023-12-06 14:41:06,165 [Worker-78: Building] WARN  o.e.m.c.i.embedder.EclipseLogger - Using platform encoding (UTF-8 actually) to copy filtered resources, i.e. build is platform dependent!
2023-12-06 14:41:06,166 [Worker-78: Building] INFO  o.e.m.c.i.embedder.EclipseLogger - skip non existing resourceDirectory C:\Users\fatim\OneDrive\Documentos\Eclipse-workspaces\Cursodia\JavaEE\TiendaVideojuegos\src\test\resources
2023-12-06 14:49:10,955 [Worker-77: Building] WARN  o.e.m.c.i.embedder.EclipseLogger - Using platform encoding (UTF-8 actually) to copy filtered resources, i.e. build is platform dependent!
2023-12-06 14:49:10,956 [Worker-77: Building] INFO  o.e.m.c.i.embedder.EclipseLogger - skip non existing resourceDirectory C:\Users\fatim\OneDrive\Documentos\Eclipse-workspaces\Cursodia\JavaEE\TiendaVideojuegos\src\main\resources
2023-12-06 14:49:10,957 [Worker-77: Building] WARN  o.e.m.c.i.embedder.EclipseLogger - Using platform encoding (UTF-8 actually) to copy filtered resources, i.e. build is platform dependent!
2023-12-06 14:49:10,959 [Worker-77: Building] INFO  o.e.m.c.i.embedder.EclipseLogger - skip non existing resourceDirectory C:\Users\fatim\OneDrive\Documentos\Eclipse-workspaces\Cursodia\JavaEE\TiendaVideojuegos\src\test\resources
2023-12-06 14:53:51,732 [Worker-81: Building] WARN  o.e.m.c.i.embedder.EclipseLogger - Using platform encoding (UTF-8 actually) to copy filtered resources, i.e. build is platform dependent!
2023-12-06 14:53:51,735 [Worker-81: Building] INFO  o.e.m.c.i.embedder.EclipseLogger - skip non existing resourceDirectory C:\Users\fatim\OneDrive\Documentos\Eclipse-workspaces\Cursodia\JavaEE\TiendaVideojuegos\src\main\resources
2023-12-06 14:53:51,736 [Worker-81: Building] WARN  o.e.m.c.i.embedder.EclipseLogger - Using platform encoding (UTF-8 actually) to copy filtered resources, i.e. build is platform dependent!
2023-12-06 14:53:51,737 [Worker-81: Building] INFO  o.e.m.c.i.embedder.EclipseLogger - skip non existing resourceDirectory C:\Users\fatim\OneDrive\Documentos\Eclipse-workspaces\Cursodia\JavaEE\TiendaVideojuegos\src\test\resources
2023-12-06 14:54:23,225 [Worker-77: Building] WARN  o.e.m.c.i.embedder.EclipseLogger - Using platform encoding (UTF-8 actually) to copy filtered resources, i.e. build is platform dependent!
2023-12-06 14:54:23,226 [Worker-77: Building] INFO  o.e.m.c.i.embedder.EclipseLogger - skip non existing resourceDirectory C:\Users\fatim\OneDrive\Documentos\Eclipse-workspaces\Cursodia\JavaEE\TiendaVideojuegos\src\main\resources
2023-12-06 14:54:23,226 [Worker-77: Building] WARN  o.e.m.c.i.embedder.EclipseLogger - Using platform encoding (UTF-8 actually) to copy filtered resources, i.e. build is platform dependent!
2023-12-06 14:54:23,227 [Worker-77: Building] INFO  o.e.m.c.i.embedder.EclipseLogger - skip non existing resourceDirectory C:\Users\fatim\OneDrive\Documentos\Eclipse-workspaces\Cursodia\JavaEE\TiendaVideojuegos\src\test\resources
2023-12-06 14:56:13,976 [Worker-76: Building] WARN  o.e.m.c.i.embedder.EclipseLogger - Using platform encoding (UTF-8 actually) to copy filtered resources, i.e. build is platform dependent!
2023-12-06 14:56:13,976 [Worker-76: Building] INFO  o.e.m.c.i.embedder.EclipseLogger - skip non existing resourceDirectory C:\Users\fatim\OneDrive\Documentos\Eclipse-workspaces\Cursodia\JavaEE\TiendaVideojuegos\src\main\resources
2023-12-06 14:56:13,977 [Worker-76: Building] WARN  o.e.m.c.i.embedder.EclipseLogger - Using platform encoding (UTF-8 actually) to copy filtered resources, i.e. build is platform dependent!
2023-12-06 14:56:13,978 [Worker-76: Building] INFO  o.e.m.c.i.embedder.EclipseLogger - skip non existing resourceDirectory C:\Users\fatim\OneDrive\Documentos\Eclipse-workspaces\Cursodia\JavaEE\TiendaVideojuegos\src\test\resources
2023-12-06 14:56:25,727 [Worker-76: Building] WARN  o.e.m.c.i.embedder.EclipseLogger - Using platform encoding (UTF-8 actually) to copy filtered resources, i.e. build is platform dependent!
2023-12-06 14:56:25,729 [Worker-76: Building] INFO  o.e.m.c.i.embedder.EclipseLogger - skip non existing resourceDirectory C:\Users\fatim\OneDrive\Documentos\Eclipse-workspaces\Cursodia\JavaEE\TiendaVideojuegos\src\main\resources
2023-12-06 14:56:25,731 [Worker-76: Building] WARN  o.e.m.c.i.embedder.EclipseLogger - Using platform encoding (UTF-8 actually) to copy filtered resources, i.e. build is platform dependent!
2023-12-06 14:56:25,732 [Worker-76: Building] INFO  o.e.m.c.i.embedder.EclipseLogger - skip non existing resourceDirectory C:\Users\fatim\OneDrive\Documentos\Eclipse-workspaces\Cursodia\JavaEE\TiendaVideojuegos\src\test\resources
2023-12-06 14:58:45,593 [Worker-77: Building] WARN  o.e.m.c.i.embedder.EclipseLogger - Using platform encoding (UTF-8 actually) to copy filtered resources, i.e. build is platform dependent!
2023-12-06 14:58:45,593 [Worker-77: Building] INFO  o.e.m.c.i.embedder.EclipseLogger - skip non existing resourceDirectory C:\Users\fatim\OneDrive\Documentos\Eclipse-workspaces\Cursodia\JavaEE\TiendaVideojuegos\src\main\resources
2023-12-06 14:58:45,595 [Worker-77: Building] WARN  o.e.m.c.i.embedder.EclipseLogger - Using platform encoding (UTF-8 actually) to copy filtered resources, i.e. build is platform dependent!
2023-12-06 14:58:45,596 [Worker-77: Building] INFO  o.e.m.c.i.embedder.EclipseLogger - skip non existing resourceDirectory C:\Users\fatim\OneDrive\Documentos\Eclipse-workspaces\Cursodia\JavaEE\TiendaVideojuegos\src\test\resources
2023-12-06 14:58:57,689 [Worker-77: Building] WARN  o.e.m.c.i.embedder.EclipseLogger - Using platform encoding (UTF-8 actually) to copy filtered resources, i.e. build is platform dependent!
2023-12-06 14:58:57,690 [Worker-77: Building] INFO  o.e.m.c.i.embedder.EclipseLogger - skip non existing resourceDirectory C:\Users\fatim\OneDrive\Documentos\Eclipse-workspaces\Cursodia\JavaEE\TiendaVideojuegos\src\main\resources
2023-12-06 14:58:57,691 [Worker-77: Building] WARN  o.e.m.c.i.embedder.EclipseLogger - Using platform encoding (UTF-8 actually) to copy filtered resources, i.e. build is platform dependent!
2023-12-06 14:58:57,691 [Worker-77: Building] INFO  o.e.m.c.i.embedder.EclipseLogger - skip non existing resourceDirectory C:\Users\fatim\OneDrive\Documentos\Eclipse-workspaces\Cursodia\JavaEE\TiendaVideojuegos\src\test\resources
2023-12-06 15:00:44,460 [Worker-79: Building] WARN  o.e.m.c.i.embedder.EclipseLogger - Using platform encoding (UTF-8 actually) to copy filtered resources, i.e. build is platform dependent!
2023-12-06 15:00:44,463 [Worker-79: Building] INFO  o.e.m.c.i.embedder.EclipseLogger - skip non existing resourceDirectory C:\Users\fatim\OneDrive\Documentos\Eclipse-workspaces\Cursodia\JavaEE\TiendaVideojuegos\src\main\resources
2023-12-06 15:00:44,464 [Worker-79: Building] WARN  o.e.m.c.i.embedder.EclipseLogger - Using platform encoding (UTF-8 actually) to copy filtered resources, i.e. build is platform dependent!
2023-12-06 15:00:44,466 [Worker-79: Building] INFO  o.e.m.c.i.embedder.EclipseLogger - skip non existing resourceDirectory C:\Users\fatim\OneDrive\Documentos\Eclipse-workspaces\Cursodia\JavaEE\TiendaVideojuegos\src\test\resources
2023-12-06 15:01:00,419 [Worker-84: Building] WARN  o.e.m.c.i.embedder.EclipseLogger - Using platform encoding (UTF-8 actually) to copy filtered resources, i.e. build is platform dependent!
2023-12-06 15:01:00,420 [Worker-84: Building] INFO  o.e.m.c.i.embedder.EclipseLogger - skip non existing resourceDirectory C:\Users\fatim\OneDrive\Documentos\Eclipse-workspaces\Cursodia\JavaEE\TiendaVideojuegos\src\main\resources
2023-12-06 15:01:00,421 [Worker-84: Building] WARN  o.e.m.c.i.embedder.EclipseLogger - Using platform encoding (UTF-8 actually) to copy filtered resources, i.e. build is platform dependent!
2023-12-06 15:01:00,421 [Worker-84: Building] INFO  o.e.m.c.i.embedder.EclipseLogger - skip non existing resourceDirectory C:\Users\fatim\OneDrive\Documentos\Eclipse-workspaces\Cursodia\JavaEE\TiendaVideojuegos\src\test\resources
2023-12-06 15:01:18,189 [Worker-83: Building] WARN  o.e.m.c.i.embedder.EclipseLogger - Using platform encoding (UTF-8 actually) to copy filtered resources, i.e. build is platform dependent!
2023-12-06 15:01:18,190 [Worker-83: Building] INFO  o.e.m.c.i.embedder.EclipseLogger - skip non existing resourceDirectory C:\Users\fatim\OneDrive\Documentos\Eclipse-workspaces\Cursodia\JavaEE\TiendaVideojuegos\src\main\resources
2023-12-06 15:01:18,191 [Worker-83: Building] WARN  o.e.m.c.i.embedder.EclipseLogger - Using platform encoding (UTF-8 actually) to copy filtered resources, i.e. build is platform dependent!
2023-12-06 15:01:18,191 [Worker-83: Building] INFO  o.e.m.c.i.embedder.EclipseLogger - skip non existing resourceDirectory C:\Users\fatim\OneDrive\Documentos\Eclipse-workspaces\Cursodia\JavaEE\TiendaVideojuegos\src\test\resources
2023-12-06 15:01:56,007 [Worker-76: Building] WARN  o.e.m.c.i.embedder.EclipseLogger - Using platform encoding (UTF-8 actually) to copy filtered resources, i.e. build is platform dependent!
2023-12-06 15:01:56,007 [Worker-76: Building] INFO  o.e.m.c.i.embedder.EclipseLogger - skip non existing resourceDirectory C:\Users\fatim\OneDrive\Documentos\Eclipse-workspaces\Cursodia\JavaEE\TiendaVideojuegos\src\main\resources
2023-12-06 15:01:56,009 [Worker-76: Building] WARN  o.e.m.c.i.embedder.EclipseLogger - Using platform encoding (UTF-8 actually) to copy filtered resources, i.e. build is platform dependent!
2023-12-06 15:01:56,009 [Worker-76: Building] INFO  o.e.m.c.i.embedder.EclipseLogger - skip non existing resourceDirectory C:\Users\fatim\OneDrive\Documentos\Eclipse-workspaces\Cursodia\JavaEE\TiendaVideojuegos\src\test\resources
2023-12-06 15:26:57,256 [Worker-87: Building] WARN  o.e.m.c.i.embedder.EclipseLogger - Using platform encoding (UTF-8 actually) to copy filtered resources, i.e. build is platform dependent!
2023-12-06 15:26:57,259 [Worker-87: Building] INFO  o.e.m.c.i.embedder.EclipseLogger - skip non existing resourceDirectory C:\Users\fatim\OneDrive\Documentos\Eclipse-workspaces\Cursodia\JavaEE\TiendaVideojuegos\src\main\resources
2023-12-06 15:26:57,260 [Worker-87: Building] WARN  o.e.m.c.i.embedder.EclipseLogger - Using platform encoding (UTF-8 actually) to copy filtered resources, i.e. build is platform dependent!
2023-12-06 15:26:57,261 [Worker-87: Building] INFO  o.e.m.c.i.embedder.EclipseLogger - skip non existing resourceDirectory C:\Users\fatim\OneDrive\Documentos\Eclipse-workspaces\Cursodia\JavaEE\TiendaVideojuegos\src\test\resources
2023-12-06 15:28:02,665 [Worker-76: Building] WARN  o.e.m.c.i.embedder.EclipseLogger - Using platform encoding (UTF-8 actually) to copy filtered resources, i.e. build is platform dependent!
2023-12-06 15:28:02,666 [Worker-76: Building] INFO  o.e.m.c.i.embedder.EclipseLogger - skip non existing resourceDirectory C:\Users\fatim\OneDrive\Documentos\Eclipse-workspaces\Cursodia\JavaEE\TiendaVideojuegos\src\main\resources
2023-12-06 15:28:02,667 [Worker-76: Building] WARN  o.e.m.c.i.embedder.EclipseLogger - Using platform encoding (UTF-8 actually) to copy filtered resources, i.e. build is platform dependent!
2023-12-06 15:28:02,667 [Worker-76: Building] INFO  o.e.m.c.i.embedder.EclipseLogger - skip non existing resourceDirectory C:\Users\fatim\OneDrive\Documentos\Eclipse-workspaces\Cursodia\JavaEE\TiendaVideojuegos\src\test\resources
2023-12-06 15:34:47,292 [Worker-93: Building] WARN  o.e.m.c.i.embedder.EclipseLogger - Using platform encoding (UTF-8 actually) to copy filtered resources, i.e. build is platform dependent!
2023-12-06 15:34:47,293 [Worker-93: Building] INFO  o.e.m.c.i.embedder.EclipseLogger - skip non existing resourceDirectory C:\Users\fatim\OneDrive\Documentos\Eclipse-workspaces\Cursodia\JavaEE\TiendaVideojuegos\src\main\resources
2023-12-06 15:34:47,294 [Worker-93: Building] WARN  o.e.m.c.i.embedder.EclipseLogger - Using platform encoding (UTF-8 actually) to copy filtered resources, i.e. build is platform dependent!
2023-12-06 15:34:47,294 [Worker-93: Building] INFO  o.e.m.c.i.embedder.EclipseLogger - skip non existing resourceDirectory C:\Users\fatim\OneDrive\Documentos\Eclipse-workspaces\Cursodia\JavaEE\TiendaVideojuegos\src\test\resources
2023-12-06 15:35:32,121 [Worker-90: Building] WARN  o.e.m.c.i.embedder.EclipseLogger - Using platform encoding (UTF-8 actually) to copy filtered resources, i.e. build is platform dependent!
2023-12-06 15:35:32,122 [Worker-90: Building] INFO  o.e.m.c.i.embedder.EclipseLogger - skip non existing resourceDirectory C:\Users\fatim\OneDrive\Documentos\Eclipse-workspaces\Cursodia\JavaEE\TiendaVideojuegos\src\main\resources
2023-12-06 15:35:32,124 [Worker-90: Building] WARN  o.e.m.c.i.embedder.EclipseLogger - Using platform encoding (UTF-8 actually) to copy filtered resources, i.e. build is platform dependent!
2023-12-06 15:35:32,125 [Worker-90: Building] INFO  o.e.m.c.i.embedder.EclipseLogger - skip non existing resourceDirectory C:\Users\fatim\OneDrive\Documentos\Eclipse-workspaces\Cursodia\JavaEE\TiendaVideojuegos\src\test\resources
2023-12-06 15:35:53,215 [Worker-92: Building] WARN  o.e.m.c.i.embedder.EclipseLogger - Using platform encoding (UTF-8 actually) to copy filtered resources, i.e. build is platform dependent!
2023-12-06 15:35:53,215 [Worker-92: Building] INFO  o.e.m.c.i.embedder.EclipseLogger - skip non existing resourceDirectory C:\Users\fatim\OneDrive\Documentos\Eclipse-workspaces\Cursodia\JavaEE\TiendaVideojuegos\src\main\resources
2023-12-06 15:35:53,216 [Worker-92: Building] WARN  o.e.m.c.i.embedder.EclipseLogger - Using platform encoding (UTF-8 actually) to copy filtered resources, i.e. build is platform dependent!
2023-12-06 15:35:53,217 [Worker-92: Building] INFO  o.e.m.c.i.embedder.EclipseLogger - skip non existing resourceDirectory C:\Users\fatim\OneDrive\Documentos\Eclipse-workspaces\Cursodia\JavaEE\TiendaVideojuegos\src\test\resources
2023-12-06 15:44:41,279 [Worker-95: Building] WARN  o.e.m.c.i.embedder.EclipseLogger - Using platform encoding (UTF-8 actually) to copy filtered resources, i.e. build is platform dependent!
2023-12-06 15:44:41,281 [Worker-95: Building] INFO  o.e.m.c.i.embedder.EclipseLogger - skip non existing resourceDirectory C:\Users\fatim\OneDrive\Documentos\Eclipse-workspaces\Cursodia\JavaEE\TiendaVideojuegos\src\main\resources
2023-12-06 15:44:41,283 [Worker-95: Building] WARN  o.e.m.c.i.embedder.EclipseLogger - Using platform encoding (UTF-8 actually) to copy filtered resources, i.e. build is platform dependent!
2023-12-06 15:44:41,284 [Worker-95: Building] INFO  o.e.m.c.i.embedder.EclipseLogger - skip non existing resourceDirectory C:\Users\fatim\OneDrive\Documentos\Eclipse-workspaces\Cursodia\JavaEE\TiendaVideojuegos\src\test\resources
2023-12-06 15:47:55,403 [Worker-98: Building] WARN  o.e.m.c.i.embedder.EclipseLogger - Using platform encoding (UTF-8 actually) to copy filtered resources, i.e. build is platform dependent!
2023-12-06 15:47:55,404 [Worker-98: Building] INFO  o.e.m.c.i.embedder.EclipseLogger - skip non existing resourceDirectory C:\Users\fatim\OneDrive\Documentos\Eclipse-workspaces\Cursodia\JavaEE\TiendaVideojuegos\src\main\resources
2023-12-06 15:47:55,405 [Worker-98: Building] WARN  o.e.m.c.i.embedder.EclipseLogger - Using platform encoding (UTF-8 actually) to copy filtered resources, i.e. build is platform dependent!
2023-12-06 15:47:55,406 [Worker-98: Building] INFO  o.e.m.c.i.embedder.EclipseLogger - skip non existing resourceDirectory C:\Users\fatim\OneDrive\Documentos\Eclipse-workspaces\Cursodia\JavaEE\TiendaVideojuegos\src\test\resources
2023-12-06 15:49:08,156 [Worker-97: Building] WARN  o.e.m.c.i.embedder.EclipseLogger - Using platform encoding (UTF-8 actually) to copy filtered resources, i.e. build is platform dependent!
2023-12-06 15:49:08,156 [Worker-97: Building] INFO  o.e.m.c.i.embedder.EclipseLogger - skip non existing resourceDirectory C:\Users\fatim\OneDrive\Documentos\Eclipse-workspaces\Cursodia\JavaEE\TiendaVideojuegos\src\main\resources
2023-12-06 15:49:08,157 [Worker-97: Building] WARN  o.e.m.c.i.embedder.EclipseLogger - Using platform encoding (UTF-8 actually) to copy filtered resources, i.e. build is platform dependent!
2023-12-06 15:49:08,158 [Worker-97: Building] INFO  o.e.m.c.i.embedder.EclipseLogger - skip non existing resourceDirectory C:\Users\fatim\OneDrive\Documentos\Eclipse-workspaces\Cursodia\JavaEE\TiendaVideojuegos\src\test\resources
2023-12-06 15:49:43,779 [Worker-90: Building] WARN  o.e.m.c.i.embedder.EclipseLogger - Using platform encoding (UTF-8 actually) to copy filtered resources, i.e. build is platform dependent!
2023-12-06 15:49:43,781 [Worker-90: Building] INFO  o.e.m.c.i.embedder.EclipseLogger - skip non existing resourceDirectory C:\Users\fatim\OneDrive\Documentos\Eclipse-workspaces\Cursodia\JavaEE\TiendaVideojuegos\src\main\resources
2023-12-06 15:49:43,783 [Worker-90: Building] WARN  o.e.m.c.i.embedder.EclipseLogger - Using platform encoding (UTF-8 actually) to copy filtered resources, i.e. build is platform dependent!
2023-12-06 15:49:43,784 [Worker-90: Building] INFO  o.e.m.c.i.embedder.EclipseLogger - skip non existing resourceDirectory C:\Users\fatim\OneDrive\Documentos\Eclipse-workspaces\Cursodia\JavaEE\TiendaVideojuegos\src\test\resources
2023-12-06 15:50:05,030 [Worker-98: Building] WARN  o.e.m.c.i.embedder.EclipseLogger - Using platform encoding (UTF-8 actually) to copy filtered resources, i.e. build is platform dependent!
2023-12-06 15:50:05,033 [Worker-98: Building] INFO  o.e.m.c.i.embedder.EclipseLogger - skip non existing resourceDirectory C:\Users\fatim\OneDrive\Documentos\Eclipse-workspaces\Cursodia\JavaEE\TiendaVideojuegos\src\main\resources
2023-12-06 15:50:05,034 [Worker-98: Building] WARN  o.e.m.c.i.embedder.EclipseLogger - Using platform encoding (UTF-8 actually) to copy filtered resources, i.e. build is platform dependent!
2023-12-06 15:50:05,036 [Worker-98: Building] INFO  o.e.m.c.i.embedder.EclipseLogger - skip non existing resourceDirectory C:\Users\fatim\OneDrive\Documentos\Eclipse-workspaces\Cursodia\JavaEE\TiendaVideojuegos\src\test\resources
2023-12-06 15:52:53,124 [Worker-90: Building] WARN  o.e.m.c.i.embedder.EclipseLogger - Using platform encoding (UTF-8 actually) to copy filtered resources, i.e. build is platform dependent!
2023-12-06 15:52:53,124 [Worker-90: Building] INFO  o.e.m.c.i.embedder.EclipseLogger - skip non existing resourceDirectory C:\Users\fatim\OneDrive\Documentos\Eclipse-workspaces\Cursodia\JavaEE\TiendaVideojuegos\src\main\resources
2023-12-06 15:52:53,125 [Worker-90: Building] WARN  o.e.m.c.i.embedder.EclipseLogger - Using platform encoding (UTF-8 actually) to copy filtered resources, i.e. build is platform dependent!
2023-12-06 15:52:53,126 [Worker-90: Building] INFO  o.e.m.c.i.embedder.EclipseLogger - skip non existing resourceDirectory C:\Users\fatim\OneDrive\Documentos\Eclipse-workspaces\Cursodia\JavaEE\TiendaVideojuegos\src\test\resources
2023-12-06 15:54:01,619 [Worker-97: Building] WARN  o.e.m.c.i.embedder.EclipseLogger - Using platform encoding (UTF-8 actually) to copy filtered resources, i.e. build is platform dependent!
2023-12-06 15:54:01,621 [Worker-97: Building] INFO  o.e.m.c.i.embedder.EclipseLogger - skip non existing resourceDirectory C:\Users\fatim\OneDrive\Documentos\Eclipse-workspaces\Cursodia\JavaEE\TiendaVideojuegos\src\main\resources
2023-12-06 15:54:01,623 [Worker-97: Building] WARN  o.e.m.c.i.embedder.EclipseLogger - Using platform encoding (UTF-8 actually) to copy filtered resources, i.e. build is platform dependent!
2023-12-06 15:54:01,625 [Worker-97: Building] INFO  o.e.m.c.i.embedder.EclipseLogger - skip non existing resourceDirectory C:\Users\fatim\OneDrive\Documentos\Eclipse-workspaces\Cursodia\JavaEE\TiendaVideojuegos\src\test\resources
2023-12-06 15:55:27,187 [Worker-95: Building] WARN  o.e.m.c.i.embedder.EclipseLogger - Using platform encoding (UTF-8 actually) to copy filtered resources, i.e. build is platform dependent!
2023-12-06 15:55:27,188 [Worker-95: Building] INFO  o.e.m.c.i.embedder.EclipseLogger - skip non existing resourceDirectory C:\Users\fatim\OneDrive\Documentos\Eclipse-workspaces\Cursodia\JavaEE\TiendaVideojuegos\src\main\resources
2023-12-06 15:55:27,189 [Worker-95: Building] WARN  o.e.m.c.i.embedder.EclipseLogger - Using platform encoding (UTF-8 actually) to copy filtered resources, i.e. build is platform dependent!
2023-12-06 15:55:27,190 [Worker-95: Building] INFO  o.e.m.c.i.embedder.EclipseLogger - skip non existing resourceDirectory C:\Users\fatim\OneDrive\Documentos\Eclipse-workspaces\Cursodia\JavaEE\TiendaVideojuegos\src\test\resources
2023-12-06 16:09:37,797 [Worker-103: Building] WARN  o.e.m.c.i.embedder.EclipseLogger - Using platform encoding (UTF-8 actually) to copy filtered resources, i.e. build is platform dependent!
2023-12-06 16:09:37,798 [Worker-103: Building] INFO  o.e.m.c.i.embedder.EclipseLogger - skip non existing resourceDirectory C:\Users\fatim\OneDrive\Documentos\Eclipse-workspaces\Cursodia\JavaEE\TiendaVideojuegos\src\main\resources
2023-12-06 16:09:37,799 [Worker-103: Building] WARN  o.e.m.c.i.embedder.EclipseLogger - Using platform encoding (UTF-8 actually) to copy filtered resources, i.e. build is platform dependent!
2023-12-06 16:09:37,800 [Worker-103: Building] INFO  o.e.m.c.i.embedder.EclipseLogger - skip non existing resourceDirectory C:\Users\fatim\OneDrive\Documentos\Eclipse-workspaces\Cursodia\JavaEE\TiendaVideojuegos\src\test\resources
2023-12-06 16:12:18,750 [Worker-104: Building] WARN  o.e.m.c.i.embedder.EclipseLogger - Using platform encoding (UTF-8 actually) to copy filtered resources, i.e. build is platform dependent!
2023-12-06 16:12:18,751 [Worker-104: Building] INFO  o.e.m.c.i.embedder.EclipseLogger - skip non existing resourceDirectory C:\Users\fatim\OneDrive\Documentos\Eclipse-workspaces\Cursodia\JavaEE\TiendaVideojuegos\src\main\resources
2023-12-06 16:12:18,752 [Worker-104: Building] WARN  o.e.m.c.i.embedder.EclipseLogger - Using platform encoding (UTF-8 actually) to copy filtered resources, i.e. build is platform dependent!
2023-12-06 16:12:18,753 [Worker-104: Building] INFO  o.e.m.c.i.embedder.EclipseLogger - skip non existing resourceDirectory C:\Users\fatim\OneDrive\Documentos\Eclipse-workspaces\Cursodia\JavaEE\TiendaVideojuegos\src\test\resources
2023-12-06 16:12:57,614 [Worker-100: Building] WARN  o.e.m.c.i.embedder.EclipseLogger - Using platform encoding (UTF-8 actually) to copy filtered resources, i.e. build is platform dependent!
2023-12-06 16:12:57,614 [Worker-100: Building] INFO  o.e.m.c.i.embedder.EclipseLogger - skip non existing resourceDirectory C:\Users\fatim\OneDrive\Documentos\Eclipse-workspaces\Cursodia\JavaEE\TiendaVideojuegos\src\main\resources
2023-12-06 16:12:57,615 [Worker-100: Building] WARN  o.e.m.c.i.embedder.EclipseLogger - Using platform encoding (UTF-8 actually) to copy filtered resources, i.e. build is platform dependent!
2023-12-06 16:12:57,615 [Worker-100: Building] INFO  o.e.m.c.i.embedder.EclipseLogger - skip non existing resourceDirectory C:\Users\fatim\OneDrive\Documentos\Eclipse-workspaces\Cursodia\JavaEE\TiendaVideojuegos\src\test\resources
2023-12-06 16:13:17,977 [Worker-100: Building] WARN  o.e.m.c.i.embedder.EclipseLogger - Using platform encoding (UTF-8 actually) to copy filtered resources, i.e. build is platform dependent!
2023-12-06 16:13:17,978 [Worker-100: Building] INFO  o.e.m.c.i.embedder.EclipseLogger - skip non existing resourceDirectory C:\Users\fatim\OneDrive\Documentos\Eclipse-workspaces\Cursodia\JavaEE\TiendaVideojuegos\src\main\resources
2023-12-06 16:13:17,978 [Worker-100: Building] WARN  o.e.m.c.i.embedder.EclipseLogger - Using platform encoding (UTF-8 actually) to copy filtered resources, i.e. build is platform dependent!
2023-12-06 16:13:17,979 [Worker-100: Building] INFO  o.e.m.c.i.embedder.EclipseLogger - skip non existing resourceDirectory C:\Users\fatim\OneDrive\Documentos\Eclipse-workspaces\Cursodia\JavaEE\TiendaVideojuegos\src\test\resources
2023-12-06 16:13:23,254 [Worker-104: Building] WARN  o.e.m.c.i.embedder.EclipseLogger - Using platform encoding (UTF-8 actually) to copy filtered resources, i.e. build is platform dependent!
2023-12-06 16:13:23,255 [Worker-104: Building] INFO  o.e.m.c.i.embedder.EclipseLogger - skip non existing resourceDirectory C:\Users\fatim\OneDrive\Documentos\Eclipse-workspaces\Cursodia\JavaEE\TiendaVideojuegos\src\main\resources
2023-12-06 16:13:23,255 [Worker-104: Building] WARN  o.e.m.c.i.embedder.EclipseLogger - Using platform encoding (UTF-8 actually) to copy filtered resources, i.e. build is platform dependent!
2023-12-06 16:13:23,256 [Worker-104: Building] INFO  o.e.m.c.i.embedder.EclipseLogger - skip non existing resourceDirectory C:\Users\fatim\OneDrive\Documentos\Eclipse-workspaces\Cursodia\JavaEE\TiendaVideojuegos\src\test\resources
2023-12-06 16:13:26,511 [Worker-105: Building] WARN  o.e.m.c.i.embedder.EclipseLogger - Using platform encoding (UTF-8 actually) to copy filtered resources, i.e. build is platform dependent!
2023-12-06 16:13:26,512 [Worker-105: Building] INFO  o.e.m.c.i.embedder.EclipseLogger - skip non existing resourceDirectory C:\Users\fatim\OneDrive\Documentos\Eclipse-workspaces\Cursodia\JavaEE\TiendaVideojuegos\src\main\resources
2023-12-06 16:13:26,512 [Worker-105: Building] WARN  o.e.m.c.i.embedder.EclipseLogger - Using platform encoding (UTF-8 actually) to copy filtered resources, i.e. build is platform dependent!
2023-12-06 16:13:26,512 [Worker-105: Building] INFO  o.e.m.c.i.embedder.EclipseLogger - skip non existing resourceDirectory C:\Users\fatim\OneDrive\Documentos\Eclipse-workspaces\Cursodia\JavaEE\TiendaVideojuegos\src\test\resources
2023-12-06 16:18:40,438 [Worker-103: Building] WARN  o.e.m.c.i.embedder.EclipseLogger - Using platform encoding (UTF-8 actually) to copy filtered resources, i.e. build is platform dependent!
2023-12-06 16:18:40,438 [Worker-103: Building] INFO  o.e.m.c.i.embedder.EclipseLogger - skip non existing resourceDirectory C:\Users\fatim\OneDrive\Documentos\Eclipse-workspaces\Cursodia\JavaEE\TiendaVideojuegos\src\main\resources
2023-12-06 16:18:40,439 [Worker-103: Building] WARN  o.e.m.c.i.embedder.EclipseLogger - Using platform encoding (UTF-8 actually) to copy filtered resources, i.e. build is platform dependent!
2023-12-06 16:18:40,439 [Worker-103: Building] INFO  o.e.m.c.i.embedder.EclipseLogger - skip non existing resourceDirectory C:\Users\fatim\OneDrive\Documentos\Eclipse-workspaces\Cursodia\JavaEE\TiendaVideojuegos\src\test\resources
2023-12-06 16:20:11,398 [Worker-103: Building] WARN  o.e.m.c.i.embedder.EclipseLogger - Using platform encoding (UTF-8 actually) to copy filtered resources, i.e. build is platform dependent!
2023-12-06 16:20:11,398 [Worker-103: Building] INFO  o.e.m.c.i.embedder.EclipseLogger - skip non existing resourceDirectory C:\Users\fatim\OneDrive\Documentos\Eclipse-workspaces\Cursodia\JavaEE\TiendaVideojuegos\src\main\resources
2023-12-06 16:20:11,399 [Worker-103: Building] WARN  o.e.m.c.i.embedder.EclipseLogger - Using platform encoding (UTF-8 actually) to copy filtered resources, i.e. build is platform dependent!
2023-12-06 16:20:11,399 [Worker-103: Building] INFO  o.e.m.c.i.embedder.EclipseLogger - skip non existing resourceDirectory C:\Users\fatim\OneDrive\Documentos\Eclipse-workspaces\Cursodia\JavaEE\TiendaVideojuegos\src\test\resources
2023-12-06 16:20:34,957 [Worker-102: Building] WARN  o.e.m.c.i.embedder.EclipseLogger - Using platform encoding (UTF-8 actually) to copy filtered resources, i.e. build is platform dependent!
2023-12-06 16:20:34,957 [Worker-102: Building] INFO  o.e.m.c.i.embedder.EclipseLogger - skip non existing resourceDirectory C:\Users\fatim\OneDrive\Documentos\Eclipse-workspaces\Cursodia\JavaEE\TiendaVideojuegos\src\main\resources
2023-12-06 16:20:34,958 [Worker-102: Building] WARN  o.e.m.c.i.embedder.EclipseLogger - Using platform encoding (UTF-8 actually) to copy filtered resources, i.e. build is platform dependent!
2023-12-06 16:20:34,958 [Worker-102: Building] INFO  o.e.m.c.i.embedder.EclipseLogger - skip non existing resourceDirectory C:\Users\fatim\OneDrive\Documentos\Eclipse-workspaces\Cursodia\JavaEE\TiendaVideojuegos\src\test\resources
2023-12-06 16:24:30,263 [Worker-108: Building] WARN  o.e.m.c.i.embedder.EclipseLogger - Using platform encoding (UTF-8 actually) to copy filtered resources, i.e. build is platform dependent!
2023-12-06 16:24:30,264 [Worker-108: Building] INFO  o.e.m.c.i.embedder.EclipseLogger - skip non existing resourceDirectory C:\Users\fatim\OneDrive\Documentos\Eclipse-workspaces\Cursodia\JavaEE\TiendaVideojuegos\src\main\resources
2023-12-06 16:24:30,267 [Worker-108: Building] WARN  o.e.m.c.i.embedder.EclipseLogger - Using platform encoding (UTF-8 actually) to copy filtered resources, i.e. build is platform dependent!
2023-12-06 16:24:30,268 [Worker-108: Building] INFO  o.e.m.c.i.embedder.EclipseLogger - skip non existing resourceDirectory C:\Users\fatim\OneDrive\Documentos\Eclipse-workspaces\Cursodia\JavaEE\TiendaVideojuegos\src\test\resources
2023-12-06 16:25:09,525 [Worker-108: Building] WARN  o.e.m.c.i.embedder.EclipseLogger - Using platform encoding (UTF-8 actually) to copy filtered resources, i.e. build is platform dependent!
2023-12-06 16:25:09,526 [Worker-108: Building] INFO  o.e.m.c.i.embedder.EclipseLogger - skip non existing resourceDirectory C:\Users\fatim\OneDrive\Documentos\Eclipse-workspaces\Cursodia\JavaEE\TiendaVideojuegos\src\main\resources
2023-12-06 16:25:09,527 [Worker-108: Building] WARN  o.e.m.c.i.embedder.EclipseLogger - Using platform encoding (UTF-8 actually) to copy filtered resources, i.e. build is platform dependent!
2023-12-06 16:25:09,527 [Worker-108: Building] INFO  o.e.m.c.i.embedder.EclipseLogger - skip non existing resourceDirectory C:\Users\fatim\OneDrive\Documentos\Eclipse-workspaces\Cursodia\JavaEE\TiendaVideojuegos\src\test\resources
2023-12-06 16:25:47,544 [Worker-102: Building] WARN  o.e.m.c.i.embedder.EclipseLogger - Using platform encoding (UTF-8 actually) to copy filtered resources, i.e. build is platform dependent!
2023-12-06 16:25:47,545 [Worker-102: Building] INFO  o.e.m.c.i.embedder.EclipseLogger - skip non existing resourceDirectory C:\Users\fatim\OneDrive\Documentos\Eclipse-workspaces\Cursodia\JavaEE\TiendaVideojuegos\src\main\resources
2023-12-06 16:25:47,546 [Worker-102: Building] WARN  o.e.m.c.i.embedder.EclipseLogger - Using platform encoding (UTF-8 actually) to copy filtered resources, i.e. build is platform dependent!
2023-12-06 16:25:47,546 [Worker-102: Building] INFO  o.e.m.c.i.embedder.EclipseLogger - skip non existing resourceDirectory C:\Users\fatim\OneDrive\Documentos\Eclipse-workspaces\Cursodia\JavaEE\TiendaVideojuegos\src\test\resources
2023-12-06 16:26:10,518 [Worker-107: Building] WARN  o.e.m.c.i.embedder.EclipseLogger - Using platform encoding (UTF-8 actually) to copy filtered resources, i.e. build is platform dependent!
2023-12-06 16:26:10,519 [Worker-107: Building] INFO  o.e.m.c.i.embedder.EclipseLogger - skip non existing resourceDirectory C:\Users\fatim\OneDrive\Documentos\Eclipse-workspaces\Cursodia\JavaEE\TiendaVideojuegos\src\main\resources
2023-12-06 16:26:10,520 [Worker-107: Building] WARN  o.e.m.c.i.embedder.EclipseLogger - Using platform encoding (UTF-8 actually) to copy filtered resources, i.e. build is platform dependent!
2023-12-06 16:26:10,520 [Worker-107: Building] INFO  o.e.m.c.i.embedder.EclipseLogger - skip non existing resourceDirectory C:\Users\fatim\OneDrive\Documentos\Eclipse-workspaces\Cursodia\JavaEE\TiendaVideojuegos\src\test\resources
2023-12-06 16:26:36,736 [Worker-100: Building] WARN  o.e.m.c.i.embedder.EclipseLogger - Using platform encoding (UTF-8 actually) to copy filtered resources, i.e. build is platform dependent!
2023-12-06 16:26:36,737 [Worker-100: Building] INFO  o.e.m.c.i.embedder.EclipseLogger - skip non existing resourceDirectory C:\Users\fatim\OneDrive\Documentos\Eclipse-workspaces\Cursodia\JavaEE\TiendaVideojuegos\src\main\resources
2023-12-06 16:26:36,738 [Worker-100: Building] WARN  o.e.m.c.i.embedder.EclipseLogger - Using platform encoding (UTF-8 actually) to copy filtered resources, i.e. build is platform dependent!
2023-12-06 16:26:36,738 [Worker-100: Building] INFO  o.e.m.c.i.embedder.EclipseLogger - skip non existing resourceDirectory C:\Users\fatim\OneDrive\Documentos\Eclipse-workspaces\Cursodia\JavaEE\TiendaVideojuegos\src\test\resources
2023-12-06 16:26:54,425 [Worker-106: Building] WARN  o.e.m.c.i.embedder.EclipseLogger - Using platform encoding (UTF-8 actually) to copy filtered resources, i.e. build is platform dependent!
2023-12-06 16:26:54,426 [Worker-106: Building] INFO  o.e.m.c.i.embedder.EclipseLogger - skip non existing resourceDirectory C:\Users\fatim\OneDrive\Documentos\Eclipse-workspaces\Cursodia\JavaEE\TiendaVideojuegos\src\main\resources
2023-12-06 16:26:54,427 [Worker-106: Building] WARN  o.e.m.c.i.embedder.EclipseLogger - Using platform encoding (UTF-8 actually) to copy filtered resources, i.e. build is platform dependent!
2023-12-06 16:26:54,427 [Worker-106: Building] INFO  o.e.m.c.i.embedder.EclipseLogger - skip non existing resourceDirectory C:\Users\fatim\OneDrive\Documentos\Eclipse-workspaces\Cursodia\JavaEE\TiendaVideojuegos\src\test\resources
2023-12-06 16:27:06,646 [Worker-106: Building] WARN  o.e.m.c.i.embedder.EclipseLogger - Using platform encoding (UTF-8 actually) to copy filtered resources, i.e. build is platform dependent!
2023-12-06 16:27:06,646 [Worker-106: Building] INFO  o.e.m.c.i.embedder.EclipseLogger - skip non existing resourceDirectory C:\Users\fatim\OneDrive\Documentos\Eclipse-workspaces\Cursodia\JavaEE\TiendaVideojuegos\src\main\resources
2023-12-06 16:27:06,648 [Worker-106: Building] WARN  o.e.m.c.i.embedder.EclipseLogger - Using platform encoding (UTF-8 actually) to copy filtered resources, i.e. build is platform dependent!
2023-12-06 16:27:06,649 [Worker-106: Building] INFO  o.e.m.c.i.embedder.EclipseLogger - skip non existing resourceDirectory C:\Users\fatim\OneDrive\Documentos\Eclipse-workspaces\Cursodia\JavaEE\TiendaVideojuegos\src\test\resources
2023-12-06 16:31:55,552 [Worker-100: Building] WARN  o.e.m.c.i.embedder.EclipseLogger - Using platform encoding (UTF-8 actually) to copy filtered resources, i.e. build is platform dependent!
2023-12-06 16:31:55,552 [Worker-100: Building] INFO  o.e.m.c.i.embedder.EclipseLogger - skip non existing resourceDirectory C:\Users\fatim\OneDrive\Documentos\Eclipse-workspaces\Cursodia\JavaEE\TiendaVideojuegos\src\main\resources
2023-12-06 16:31:55,553 [Worker-100: Building] WARN  o.e.m.c.i.embedder.EclipseLogger - Using platform encoding (UTF-8 actually) to copy filtered resources, i.e. build is platform dependent!
2023-12-06 16:31:55,553 [Worker-100: Building] INFO  o.e.m.c.i.embedder.EclipseLogger - skip non existing resourceDirectory C:\Users\fatim\OneDrive\Documentos\Eclipse-workspaces\Cursodia\JavaEE\TiendaVideojuegos\src\test\resources
2023-12-06 16:32:35,121 [Worker-111: Building] WARN  o.e.m.c.i.embedder.EclipseLogger - Using platform encoding (UTF-8 actually) to copy filtered resources, i.e. build is platform dependent!
2023-12-06 16:32:35,122 [Worker-111: Building] INFO  o.e.m.c.i.embedder.EclipseLogger - skip non existing resourceDirectory C:\Users\fatim\OneDrive\Documentos\Eclipse-workspaces\Cursodia\JavaEE\TiendaVideojuegos\src\main\resources
2023-12-06 16:32:35,123 [Worker-111: Building] WARN  o.e.m.c.i.embedder.EclipseLogger - Using platform encoding (UTF-8 actually) to copy filtered resources, i.e. build is platform dependent!
2023-12-06 16:32:35,124 [Worker-111: Building] INFO  o.e.m.c.i.embedder.EclipseLogger - skip non existing resourceDirectory C:\Users\fatim\OneDrive\Documentos\Eclipse-workspaces\Cursodia\JavaEE\TiendaVideojuegos\src\test\resources
2023-12-06 16:32:52,503 [Worker-110: Building] WARN  o.e.m.c.i.embedder.EclipseLogger - Using platform encoding (UTF-8 actually) to copy filtered resources, i.e. build is platform dependent!
2023-12-06 16:32:52,504 [Worker-110: Building] INFO  o.e.m.c.i.embedder.EclipseLogger - skip non existing resourceDirectory C:\Users\fatim\OneDrive\Documentos\Eclipse-workspaces\Cursodia\JavaEE\TiendaVideojuegos\src\main\resources
2023-12-06 16:32:52,505 [Worker-110: Building] WARN  o.e.m.c.i.embedder.EclipseLogger - Using platform encoding (UTF-8 actually) to copy filtered resources, i.e. build is platform dependent!
2023-12-06 16:32:52,505 [Worker-110: Building] INFO  o.e.m.c.i.embedder.EclipseLogger - skip non existing resourceDirectory C:\Users\fatim\OneDrive\Documentos\Eclipse-workspaces\Cursodia\JavaEE\TiendaVideojuegos\src\test\resources
2023-12-06 16:33:05,560 [Worker-111: Building] WARN  o.e.m.c.i.embedder.EclipseLogger - Using platform encoding (UTF-8 actually) to copy filtered resources, i.e. build is platform dependent!
2023-12-06 16:33:05,561 [Worker-111: Building] INFO  o.e.m.c.i.embedder.EclipseLogger - skip non existing resourceDirectory C:\Users\fatim\OneDrive\Documentos\Eclipse-workspaces\Cursodia\JavaEE\TiendaVideojuegos\src\main\resources
2023-12-06 16:33:05,563 [Worker-111: Building] WARN  o.e.m.c.i.embedder.EclipseLogger - Using platform encoding (UTF-8 actually) to copy filtered resources, i.e. build is platform dependent!
2023-12-06 16:33:05,564 [Worker-111: Building] INFO  o.e.m.c.i.embedder.EclipseLogger - skip non existing resourceDirectory C:\Users\fatim\OneDrive\Documentos\Eclipse-workspaces\Cursodia\JavaEE\TiendaVideojuegos\src\test\resources
2023-12-06 16:33:13,492 [Worker-110: Building] WARN  o.e.m.c.i.embedder.EclipseLogger - Using platform encoding (UTF-8 actually) to copy filtered resources, i.e. build is platform dependent!
2023-12-06 16:33:13,493 [Worker-110: Building] INFO  o.e.m.c.i.embedder.EclipseLogger - skip non existing resourceDirectory C:\Users\fatim\OneDrive\Documentos\Eclipse-workspaces\Cursodia\JavaEE\TiendaVideojuegos\src\main\resources
2023-12-06 16:33:13,493 [Worker-110: Building] WARN  o.e.m.c.i.embedder.EclipseLogger - Using platform encoding (UTF-8 actually) to copy filtered resources, i.e. build is platform dependent!
2023-12-06 16:33:13,494 [Worker-110: Building] INFO  o.e.m.c.i.embedder.EclipseLogger - skip non existing resourceDirectory C:\Users\fatim\OneDrive\Documentos\Eclipse-workspaces\Cursodia\JavaEE\TiendaVideojuegos\src\test\resources
2023-12-06 16:33:45,844 [Worker-110: Building] WARN  o.e.m.c.i.embedder.EclipseLogger - Using platform encoding (UTF-8 actually) to copy filtered resources, i.e. build is platform dependent!
2023-12-06 16:33:45,845 [Worker-110: Building] INFO  o.e.m.c.i.embedder.EclipseLogger - skip non existing resourceDirectory C:\Users\fatim\OneDrive\Documentos\Eclipse-workspaces\Cursodia\JavaEE\TiendaVideojuegos\src\main\resources
2023-12-06 16:33:45,847 [Worker-110: Building] WARN  o.e.m.c.i.embedder.EclipseLogger - Using platform encoding (UTF-8 actually) to copy filtered resources, i.e. build is platform dependent!
2023-12-06 16:33:45,848 [Worker-110: Building] INFO  o.e.m.c.i.embedder.EclipseLogger - skip non existing resourceDirectory C:\Users\fatim\OneDrive\Documentos\Eclipse-workspaces\Cursodia\JavaEE\TiendaVideojuegos\src\test\resources
2023-12-06 16:34:02,117 [Worker-100: Building] WARN  o.e.m.c.i.embedder.EclipseLogger - Using platform encoding (UTF-8 actually) to copy filtered resources, i.e. build is platform dependent!
2023-12-06 16:34:02,117 [Worker-100: Building] INFO  o.e.m.c.i.embedder.EclipseLogger - skip non existing resourceDirectory C:\Users\fatim\OneDrive\Documentos\Eclipse-workspaces\Cursodia\JavaEE\TiendaVideojuegos\src\main\resources
2023-12-06 16:34:02,118 [Worker-100: Building] WARN  o.e.m.c.i.embedder.EclipseLogger - Using platform encoding (UTF-8 actually) to copy filtered resources, i.e. build is platform dependent!
2023-12-06 16:34:02,118 [Worker-100: Building] INFO  o.e.m.c.i.embedder.EclipseLogger - skip non existing resourceDirectory C:\Users\fatim\OneDrive\Documentos\Eclipse-workspaces\Cursodia\JavaEE\TiendaVideojuegos\src\test\resources
2023-12-06 16:34:11,542 [Worker-111: Building] WARN  o.e.m.c.i.embedder.EclipseLogger - Using platform encoding (UTF-8 actually) to copy filtered resources, i.e. build is platform dependent!
2023-12-06 16:34:11,542 [Worker-111: Building] INFO  o.e.m.c.i.embedder.EclipseLogger - skip non existing resourceDirectory C:\Users\fatim\OneDrive\Documentos\Eclipse-workspaces\Cursodia\JavaEE\TiendaVideojuegos\src\main\resources
2023-12-06 16:34:11,542 [Worker-111: Building] WARN  o.e.m.c.i.embedder.EclipseLogger - Using platform encoding (UTF-8 actually) to copy filtered resources, i.e. build is platform dependent!
2023-12-06 16:34:11,542 [Worker-111: Building] INFO  o.e.m.c.i.embedder.EclipseLogger - skip non existing resourceDirectory C:\Users\fatim\OneDrive\Documentos\Eclipse-workspaces\Cursodia\JavaEE\TiendaVideojuegos\src\test\resources
2023-12-06 16:34:33,496 [Worker-106: Building] WARN  o.e.m.c.i.embedder.EclipseLogger - Using platform encoding (UTF-8 actually) to copy filtered resources, i.e. build is platform dependent!
2023-12-06 16:34:33,497 [Worker-106: Building] INFO  o.e.m.c.i.embedder.EclipseLogger - skip non existing resourceDirectory C:\Users\fatim\OneDrive\Documentos\Eclipse-workspaces\Cursodia\JavaEE\TiendaVideojuegos\src\main\resources
2023-12-06 16:34:33,498 [Worker-106: Building] WARN  o.e.m.c.i.embedder.EclipseLogger - Using platform encoding (UTF-8 actually) to copy filtered resources, i.e. build is platform dependent!
2023-12-06 16:34:33,498 [Worker-106: Building] INFO  o.e.m.c.i.embedder.EclipseLogger - skip non existing resourceDirectory C:\Users\fatim\OneDrive\Documentos\Eclipse-workspaces\Cursodia\JavaEE\TiendaVideojuegos\src\test\resources
2023-12-06 16:34:43,239 [Worker-111: Building] WARN  o.e.m.c.i.embedder.EclipseLogger - Using platform encoding (UTF-8 actually) to copy filtered resources, i.e. build is platform dependent!
2023-12-06 16:34:43,239 [Worker-111: Building] INFO  o.e.m.c.i.embedder.EclipseLogger - skip non existing resourceDirectory C:\Users\fatim\OneDrive\Documentos\Eclipse-workspaces\Cursodia\JavaEE\TiendaVideojuegos\src\main\resources
2023-12-06 16:34:43,241 [Worker-111: Building] WARN  o.e.m.c.i.embedder.EclipseLogger - Using platform encoding (UTF-8 actually) to copy filtered resources, i.e. build is platform dependent!
2023-12-06 16:34:43,241 [Worker-111: Building] INFO  o.e.m.c.i.embedder.EclipseLogger - skip non existing resourceDirectory C:\Users\fatim\OneDrive\Documentos\Eclipse-workspaces\Cursodia\JavaEE\TiendaVideojuegos\src\test\resources
2023-12-06 16:34:54,031 [Worker-110: Building] WARN  o.e.m.c.i.embedder.EclipseLogger - Using platform encoding (UTF-8 actually) to copy filtered resources, i.e. build is platform dependent!
2023-12-06 16:34:54,031 [Worker-110: Building] INFO  o.e.m.c.i.embedder.EclipseLogger - skip non existing resourceDirectory C:\Users\fatim\OneDrive\Documentos\Eclipse-workspaces\Cursodia\JavaEE\TiendaVideojuegos\src\main\resources
2023-12-06 16:34:54,033 [Worker-110: Building] WARN  o.e.m.c.i.embedder.EclipseLogger - Using platform encoding (UTF-8 actually) to copy filtered resources, i.e. build is platform dependent!
2023-12-06 16:34:54,033 [Worker-110: Building] INFO  o.e.m.c.i.embedder.EclipseLogger - skip non existing resourceDirectory C:\Users\fatim\OneDrive\Documentos\Eclipse-workspaces\Cursodia\JavaEE\TiendaVideojuegos\src\test\resources
2023-12-06 16:35:05,613 [Worker-111: Building] WARN  o.e.m.c.i.embedder.EclipseLogger - Using platform encoding (UTF-8 actually) to copy filtered resources, i.e. build is platform dependent!
2023-12-06 16:35:05,615 [Worker-111: Building] INFO  o.e.m.c.i.embedder.EclipseLogger - skip non existing resourceDirectory C:\Users\fatim\OneDrive\Documentos\Eclipse-workspaces\Cursodia\JavaEE\TiendaVideojuegos\src\main\resources
2023-12-06 16:35:05,615 [Worker-111: Building] WARN  o.e.m.c.i.embedder.EclipseLogger - Using platform encoding (UTF-8 actually) to copy filtered resources, i.e. build is platform dependent!
2023-12-06 16:35:05,616 [Worker-111: Building] INFO  o.e.m.c.i.embedder.EclipseLogger - skip non existing resourceDirectory C:\Users\fatim\OneDrive\Documentos\Eclipse-workspaces\Cursodia\JavaEE\TiendaVideojuegos\src\test\resources
2023-12-06 16:35:10,674 [Worker-100: Building] WARN  o.e.m.c.i.embedder.EclipseLogger - Using platform encoding (UTF-8 actually) to copy filtered resources, i.e. build is platform dependent!
2023-12-06 16:35:10,675 [Worker-100: Building] INFO  o.e.m.c.i.embedder.EclipseLogger - skip non existing resourceDirectory C:\Users\fatim\OneDrive\Documentos\Eclipse-workspaces\Cursodia\JavaEE\TiendaVideojuegos\src\main\resources
2023-12-06 16:35:10,675 [Worker-100: Building] WARN  o.e.m.c.i.embedder.EclipseLogger - Using platform encoding (UTF-8 actually) to copy filtered resources, i.e. build is platform dependent!
2023-12-06 16:35:10,676 [Worker-100: Building] INFO  o.e.m.c.i.embedder.EclipseLogger - skip non existing resourceDirectory C:\Users\fatim\OneDrive\Documentos\Eclipse-workspaces\Cursodia\JavaEE\TiendaVideojuegos\src\test\resources
2023-12-06 16:35:24,647 [Worker-110: Building] WARN  o.e.m.c.i.embedder.EclipseLogger - Using platform encoding (UTF-8 actually) to copy filtered resources, i.e. build is platform dependent!
2023-12-06 16:35:24,648 [Worker-110: Building] INFO  o.e.m.c.i.embedder.EclipseLogger - skip non existing resourceDirectory C:\Users\fatim\OneDrive\Documentos\Eclipse-workspaces\Cursodia\JavaEE\TiendaVideojuegos\src\main\resources
2023-12-06 16:35:24,649 [Worker-110: Building] WARN  o.e.m.c.i.embedder.EclipseLogger - Using platform encoding (UTF-8 actually) to copy filtered resources, i.e. build is platform dependent!
2023-12-06 16:35:24,649 [Worker-110: Building] INFO  o.e.m.c.i.embedder.EclipseLogger - skip non existing resourceDirectory C:\Users\fatim\OneDrive\Documentos\Eclipse-workspaces\Cursodia\JavaEE\TiendaVideojuegos\src\test\resources
2023-12-06 16:35:45,422 [Worker-100: Building] WARN  o.e.m.c.i.embedder.EclipseLogger - Using platform encoding (UTF-8 actually) to copy filtered resources, i.e. build is platform dependent!
2023-12-06 16:35:45,423 [Worker-100: Building] INFO  o.e.m.c.i.embedder.EclipseLogger - skip non existing resourceDirectory C:\Users\fatim\OneDrive\Documentos\Eclipse-workspaces\Cursodia\JavaEE\TiendaVideojuegos\src\main\resources
2023-12-06 16:35:45,423 [Worker-100: Building] WARN  o.e.m.c.i.embedder.EclipseLogger - Using platform encoding (UTF-8 actually) to copy filtered resources, i.e. build is platform dependent!
2023-12-06 16:35:45,424 [Worker-100: Building] INFO  o.e.m.c.i.embedder.EclipseLogger - skip non existing resourceDirectory C:\Users\fatim\OneDrive\Documentos\Eclipse-workspaces\Cursodia\JavaEE\TiendaVideojuegos\src\test\resources
2023-12-06 16:35:57,728 [Worker-110: Building] WARN  o.e.m.c.i.embedder.EclipseLogger - Using platform encoding (UTF-8 actually) to copy filtered resources, i.e. build is platform dependent!
2023-12-06 16:35:57,730 [Worker-110: Building] INFO  o.e.m.c.i.embedder.EclipseLogger - skip non existing resourceDirectory C:\Users\fatim\OneDrive\Documentos\Eclipse-workspaces\Cursodia\JavaEE\TiendaVideojuegos\src\main\resources
2023-12-06 16:35:57,731 [Worker-110: Building] WARN  o.e.m.c.i.embedder.EclipseLogger - Using platform encoding (UTF-8 actually) to copy filtered resources, i.e. build is platform dependent!
2023-12-06 16:35:57,732 [Worker-110: Building] INFO  o.e.m.c.i.embedder.EclipseLogger - skip non existing resourceDirectory C:\Users\fatim\OneDrive\Documentos\Eclipse-workspaces\Cursodia\JavaEE\TiendaVideojuegos\src\test\resources
2023-12-06 16:36:13,766 [Worker-100: Building] WARN  o.e.m.c.i.embedder.EclipseLogger - Using platform encoding (UTF-8 actually) to copy filtered resources, i.e. build is platform dependent!
2023-12-06 16:36:13,766 [Worker-100: Building] INFO  o.e.m.c.i.embedder.EclipseLogger - skip non existing resourceDirectory C:\Users\fatim\OneDrive\Documentos\Eclipse-workspaces\Cursodia\JavaEE\TiendaVideojuegos\src\main\resources
2023-12-06 16:36:13,767 [Worker-100: Building] WARN  o.e.m.c.i.embedder.EclipseLogger - Using platform encoding (UTF-8 actually) to copy filtered resources, i.e. build is platform dependent!
2023-12-06 16:36:13,768 [Worker-100: Building] INFO  o.e.m.c.i.embedder.EclipseLogger - skip non existing resourceDirectory C:\Users\fatim\OneDrive\Documentos\Eclipse-workspaces\Cursodia\JavaEE\TiendaVideojuegos\src\test\resources
2023-12-06 16:36:18,656 [Worker-110: Building] WARN  o.e.m.c.i.embedder.EclipseLogger - Using platform encoding (UTF-8 actually) to copy filtered resources, i.e. build is platform dependent!
2023-12-06 16:36:18,656 [Worker-110: Building] INFO  o.e.m.c.i.embedder.EclipseLogger - skip non existing resourceDirectory C:\Users\fatim\OneDrive\Documentos\Eclipse-workspaces\Cursodia\JavaEE\TiendaVideojuegos\src\main\resources
2023-12-06 16:36:18,657 [Worker-110: Building] WARN  o.e.m.c.i.embedder.EclipseLogger - Using platform encoding (UTF-8 actually) to copy filtered resources, i.e. build is platform dependent!
2023-12-06 16:36:18,657 [Worker-110: Building] INFO  o.e.m.c.i.embedder.EclipseLogger - skip non existing resourceDirectory C:\Users\fatim\OneDrive\Documentos\Eclipse-workspaces\Cursodia\JavaEE\TiendaVideojuegos\src\test\resources
2023-12-06 16:36:34,940 [Worker-110: Building] WARN  o.e.m.c.i.embedder.EclipseLogger - Using platform encoding (UTF-8 actually) to copy filtered resources, i.e. build is platform dependent!
2023-12-06 16:36:34,940 [Worker-110: Building] INFO  o.e.m.c.i.embedder.EclipseLogger - skip non existing resourceDirectory C:\Users\fatim\OneDrive\Documentos\Eclipse-workspaces\Cursodia\JavaEE\TiendaVideojuegos\src\main\resources
2023-12-06 16:36:34,941 [Worker-110: Building] WARN  o.e.m.c.i.embedder.EclipseLogger - Using platform encoding (UTF-8 actually) to copy filtered resources, i.e. build is platform dependent!
2023-12-06 16:36:34,941 [Worker-110: Building] INFO  o.e.m.c.i.embedder.EclipseLogger - skip non existing resourceDirectory C:\Users\fatim\OneDrive\Documentos\Eclipse-workspaces\Cursodia\JavaEE\TiendaVideojuegos\src\test\resources
2023-12-06 16:37:08,670 [Worker-112: Building] WARN  o.e.m.c.i.embedder.EclipseLogger - Using platform encoding (UTF-8 actually) to copy filtered resources, i.e. build is platform dependent!
2023-12-06 16:37:08,671 [Worker-112: Building] INFO  o.e.m.c.i.embedder.EclipseLogger - skip non existing resourceDirectory C:\Users\fatim\OneDrive\Documentos\Eclipse-workspaces\Cursodia\JavaEE\TiendaVideojuegos\src\main\resources
2023-12-06 16:37:08,673 [Worker-112: Building] WARN  o.e.m.c.i.embedder.EclipseLogger - Using platform encoding (UTF-8 actually) to copy filtered resources, i.e. build is platform dependent!
2023-12-06 16:37:08,673 [Worker-112: Building] INFO  o.e.m.c.i.embedder.EclipseLogger - skip non existing resourceDirectory C:\Users\fatim\OneDrive\Documentos\Eclipse-workspaces\Cursodia\JavaEE\TiendaVideojuegos\src\test\resources
2023-12-06 16:37:14,630 [Worker-111: Building] WARN  o.e.m.c.i.embedder.EclipseLogger - Using platform encoding (UTF-8 actually) to copy filtered resources, i.e. build is platform dependent!
2023-12-06 16:37:14,631 [Worker-111: Building] INFO  o.e.m.c.i.embedder.EclipseLogger - skip non existing resourceDirectory C:\Users\fatim\OneDrive\Documentos\Eclipse-workspaces\Cursodia\JavaEE\TiendaVideojuegos\src\main\resources
2023-12-06 16:37:14,631 [Worker-111: Building] WARN  o.e.m.c.i.embedder.EclipseLogger - Using platform encoding (UTF-8 actually) to copy filtered resources, i.e. build is platform dependent!
2023-12-06 16:37:14,631 [Worker-111: Building] INFO  o.e.m.c.i.embedder.EclipseLogger - skip non existing resourceDirectory C:\Users\fatim\OneDrive\Documentos\Eclipse-workspaces\Cursodia\JavaEE\TiendaVideojuegos\src\test\resources
2023-12-06 16:38:41,073 [Worker-100: Building] WARN  o.e.m.c.i.embedder.EclipseLogger - Using platform encoding (UTF-8 actually) to copy filtered resources, i.e. build is platform dependent!
2023-12-06 16:38:41,074 [Worker-100: Building] INFO  o.e.m.c.i.embedder.EclipseLogger - skip non existing resourceDirectory C:\Users\fatim\OneDrive\Documentos\Eclipse-workspaces\Cursodia\JavaEE\TiendaVideojuegos\src\main\resources
2023-12-06 16:38:41,074 [Worker-100: Building] WARN  o.e.m.c.i.embedder.EclipseLogger - Using platform encoding (UTF-8 actually) to copy filtered resources, i.e. build is platform dependent!
2023-12-06 16:38:41,075 [Worker-100: Building] INFO  o.e.m.c.i.embedder.EclipseLogger - skip non existing resourceDirectory C:\Users\fatim\OneDrive\Documentos\Eclipse-workspaces\Cursodia\JavaEE\TiendaVideojuegos\src\test\resources
2023-12-06 16:38:53,754 [Worker-110: Building] WARN  o.e.m.c.i.embedder.EclipseLogger - Using platform encoding (UTF-8 actually) to copy filtered resources, i.e. build is platform dependent!
2023-12-06 16:38:53,755 [Worker-110: Building] INFO  o.e.m.c.i.embedder.EclipseLogger - skip non existing resourceDirectory C:\Users\fatim\OneDrive\Documentos\Eclipse-workspaces\Cursodia\JavaEE\TiendaVideojuegos\src\main\resources
2023-12-06 16:38:53,756 [Worker-110: Building] WARN  o.e.m.c.i.embedder.EclipseLogger - Using platform encoding (UTF-8 actually) to copy filtered resources, i.e. build is platform dependent!
2023-12-06 16:38:53,756 [Worker-110: Building] INFO  o.e.m.c.i.embedder.EclipseLogger - skip non existing resourceDirectory C:\Users\fatim\OneDrive\Documentos\Eclipse-workspaces\Cursodia\JavaEE\TiendaVideojuegos\src\test\resources
2023-12-06 16:39:25,300 [Worker-112: Building] WARN  o.e.m.c.i.embedder.EclipseLogger - Using platform encoding (UTF-8 actually) to copy filtered resources, i.e. build is platform dependent!
2023-12-06 16:39:25,301 [Worker-112: Building] INFO  o.e.m.c.i.embedder.EclipseLogger - skip non existing resourceDirectory C:\Users\fatim\OneDrive\Documentos\Eclipse-workspaces\Cursodia\JavaEE\TiendaVideojuegos\src\main\resources
2023-12-06 16:39:25,301 [Worker-112: Building] WARN  o.e.m.c.i.embedder.EclipseLogger - Using platform encoding (UTF-8 actually) to copy filtered resources, i.e. build is platform dependent!
2023-12-06 16:39:25,302 [Worker-112: Building] INFO  o.e.m.c.i.embedder.EclipseLogger - skip non existing resourceDirectory C:\Users\fatim\OneDrive\Documentos\Eclipse-workspaces\Cursodia\JavaEE\TiendaVideojuegos\src\test\resources
2023-12-06 16:39:33,768 [Worker-106: Building] WARN  o.e.m.c.i.embedder.EclipseLogger - Using platform encoding (UTF-8 actually) to copy filtered resources, i.e. build is platform dependent!
2023-12-06 16:39:33,769 [Worker-106: Building] INFO  o.e.m.c.i.embedder.EclipseLogger - skip non existing resourceDirectory C:\Users\fatim\OneDrive\Documentos\Eclipse-workspaces\Cursodia\JavaEE\TiendaVideojuegos\src\main\resources
2023-12-06 16:39:33,769 [Worker-106: Building] WARN  o.e.m.c.i.embedder.EclipseLogger - Using platform encoding (UTF-8 actually) to copy filtered resources, i.e. build is platform dependent!
2023-12-06 16:39:33,770 [Worker-106: Building] INFO  o.e.m.c.i.embedder.EclipseLogger - skip non existing resourceDirectory C:\Users\fatim\OneDrive\Documentos\Eclipse-workspaces\Cursodia\JavaEE\TiendaVideojuegos\src\test\resources
2023-12-06 16:39:41,836 [Worker-113: Building] WARN  o.e.m.c.i.embedder.EclipseLogger - Using platform encoding (UTF-8 actually) to copy filtered resources, i.e. build is platform dependent!
2023-12-06 16:39:41,837 [Worker-113: Building] INFO  o.e.m.c.i.embedder.EclipseLogger - skip non existing resourceDirectory C:\Users\fatim\OneDrive\Documentos\Eclipse-workspaces\Cursodia\JavaEE\TiendaVideojuegos\src\main\resources
2023-12-06 16:39:41,838 [Worker-113: Building] WARN  o.e.m.c.i.embedder.EclipseLogger - Using platform encoding (UTF-8 actually) to copy filtered resources, i.e. build is platform dependent!
2023-12-06 16:39:41,838 [Worker-113: Building] INFO  o.e.m.c.i.embedder.EclipseLogger - skip non existing resourceDirectory C:\Users\fatim\OneDrive\Documentos\Eclipse-workspaces\Cursodia\JavaEE\TiendaVideojuegos\src\test\resources
2023-12-06 16:40:30,499 [Worker-106: Building] WARN  o.e.m.c.i.embedder.EclipseLogger - Using platform encoding (UTF-8 actually) to copy filtered resources, i.e. build is platform dependent!
2023-12-06 16:40:30,500 [Worker-106: Building] INFO  o.e.m.c.i.embedder.EclipseLogger - skip non existing resourceDirectory C:\Users\fatim\OneDrive\Documentos\Eclipse-workspaces\Cursodia\JavaEE\TiendaVideojuegos\src\main\resources
2023-12-06 16:40:30,500 [Worker-106: Building] WARN  o.e.m.c.i.embedder.EclipseLogger - Using platform encoding (UTF-8 actually) to copy filtered resources, i.e. build is platform dependent!
2023-12-06 16:40:30,501 [Worker-106: Building] INFO  o.e.m.c.i.embedder.EclipseLogger - skip non existing resourceDirectory C:\Users\fatim\OneDrive\Documentos\Eclipse-workspaces\Cursodia\JavaEE\TiendaVideojuegos\src\test\resources
2023-12-06 16:40:39,047 [Worker-113: Building] WARN  o.e.m.c.i.embedder.EclipseLogger - Using platform encoding (UTF-8 actually) to copy filtered resources, i.e. build is platform dependent!
2023-12-06 16:40:39,048 [Worker-113: Building] INFO  o.e.m.c.i.embedder.EclipseLogger - skip non existing resourceDirectory C:\Users\fatim\OneDrive\Documentos\Eclipse-workspaces\Cursodia\JavaEE\TiendaVideojuegos\src\main\resources
2023-12-06 16:40:39,049 [Worker-113: Building] WARN  o.e.m.c.i.embedder.EclipseLogger - Using platform encoding (UTF-8 actually) to copy filtered resources, i.e. build is platform dependent!
2023-12-06 16:40:39,049 [Worker-113: Building] INFO  o.e.m.c.i.embedder.EclipseLogger - skip non existing resourceDirectory C:\Users\fatim\OneDrive\Documentos\Eclipse-workspaces\Cursodia\JavaEE\TiendaVideojuegos\src\test\resources
2023-12-06 16:40:52,065 [Worker-110: Building] WARN  o.e.m.c.i.embedder.EclipseLogger - Using platform encoding (UTF-8 actually) to copy filtered resources, i.e. build is platform dependent!
2023-12-06 16:40:52,065 [Worker-110: Building] INFO  o.e.m.c.i.embedder.EclipseLogger - skip non existing resourceDirectory C:\Users\fatim\OneDrive\Documentos\Eclipse-workspaces\Cursodia\JavaEE\TiendaVideojuegos\src\main\resources
2023-12-06 16:40:52,066 [Worker-110: Building] WARN  o.e.m.c.i.embedder.EclipseLogger - Using platform encoding (UTF-8 actually) to copy filtered resources, i.e. build is platform dependent!
2023-12-06 16:40:52,066 [Worker-110: Building] INFO  o.e.m.c.i.embedder.EclipseLogger - skip non existing resourceDirectory C:\Users\fatim\OneDrive\Documentos\Eclipse-workspaces\Cursodia\JavaEE\TiendaVideojuegos\src\test\resources
2023-12-06 16:43:28,111 [Worker-108: Building] WARN  o.e.m.c.i.embedder.EclipseLogger - Using platform encoding (UTF-8 actually) to copy filtered resources, i.e. build is platform dependent!
2023-12-06 16:43:28,113 [Worker-108: Building] INFO  o.e.m.c.i.embedder.EclipseLogger - skip non existing resourceDirectory C:\Users\fatim\OneDrive\Documentos\Eclipse-workspaces\Cursodia\JavaEE\TiendaVideojuegos\src\main\resources
2023-12-06 16:43:28,114 [Worker-108: Building] WARN  o.e.m.c.i.embedder.EclipseLogger - Using platform encoding (UTF-8 actually) to copy filtered resources, i.e. build is platform dependent!
2023-12-06 16:43:28,114 [Worker-108: Building] INFO  o.e.m.c.i.embedder.EclipseLogger - skip non existing resourceDirectory C:\Users\fatim\OneDrive\Documentos\Eclipse-workspaces\Cursodia\JavaEE\TiendaVideojuegos\src\test\resources
2023-12-06 16:44:09,752 [Worker-108: Building] WARN  o.e.m.c.i.embedder.EclipseLogger - Using platform encoding (UTF-8 actually) to copy filtered resources, i.e. build is platform dependent!
2023-12-06 16:44:09,753 [Worker-108: Building] INFO  o.e.m.c.i.embedder.EclipseLogger - skip non existing resourceDirectory C:\Users\fatim\OneDrive\Documentos\Eclipse-workspaces\Cursodia\JavaEE\TiendaVideojuegos\src\main\resources
2023-12-06 16:44:09,754 [Worker-108: Building] WARN  o.e.m.c.i.embedder.EclipseLogger - Using platform encoding (UTF-8 actually) to copy filtered resources, i.e. build is platform dependent!
2023-12-06 16:44:09,754 [Worker-108: Building] INFO  o.e.m.c.i.embedder.EclipseLogger - skip non existing resourceDirectory C:\Users\fatim\OneDrive\Documentos\Eclipse-workspaces\Cursodia\JavaEE\TiendaVideojuegos\src\test\resources
2023-12-06 16:45:18,735 [Worker-116: Building] WARN  o.e.m.c.i.embedder.EclipseLogger - Using platform encoding (UTF-8 actually) to copy filtered resources, i.e. build is platform dependent!
2023-12-06 16:45:18,736 [Worker-116: Building] INFO  o.e.m.c.i.embedder.EclipseLogger - skip non existing resourceDirectory C:\Users\fatim\OneDrive\Documentos\Eclipse-workspaces\Cursodia\JavaEE\TiendaVideojuegos\src\main\resources
2023-12-06 16:45:18,737 [Worker-116: Building] WARN  o.e.m.c.i.embedder.EclipseLogger - Using platform encoding (UTF-8 actually) to copy filtered resources, i.e. build is platform dependent!
2023-12-06 16:45:18,738 [Worker-116: Building] INFO  o.e.m.c.i.embedder.EclipseLogger - skip non existing resourceDirectory C:\Users\fatim\OneDrive\Documentos\Eclipse-workspaces\Cursodia\JavaEE\TiendaVideojuegos\src\test\resources
2023-12-06 16:45:38,948 [Worker-106: Building] WARN  o.e.m.c.i.embedder.EclipseLogger - Using platform encoding (UTF-8 actually) to copy filtered resources, i.e. build is platform dependent!
2023-12-06 16:45:38,948 [Worker-106: Building] INFO  o.e.m.c.i.embedder.EclipseLogger - skip non existing resourceDirectory C:\Users\fatim\OneDrive\Documentos\Eclipse-workspaces\Cursodia\JavaEE\TiendaVideojuegos\src\main\resources
2023-12-06 16:45:38,949 [Worker-106: Building] WARN  o.e.m.c.i.embedder.EclipseLogger - Using platform encoding (UTF-8 actually) to copy filtered resources, i.e. build is platform dependent!
2023-12-06 16:45:38,949 [Worker-106: Building] INFO  o.e.m.c.i.embedder.EclipseLogger - skip non existing resourceDirectory C:\Users\fatim\OneDrive\Documentos\Eclipse-workspaces\Cursodia\JavaEE\TiendaVideojuegos\src\test\resources
2023-12-06 16:45:53,045 [Worker-115: Building] WARN  o.e.m.c.i.embedder.EclipseLogger - Using platform encoding (UTF-8 actually) to copy filtered resources, i.e. build is platform dependent!
2023-12-06 16:45:53,046 [Worker-115: Building] INFO  o.e.m.c.i.embedder.EclipseLogger - skip non existing resourceDirectory C:\Users\fatim\OneDrive\Documentos\Eclipse-workspaces\Cursodia\JavaEE\TiendaVideojuegos\src\main\resources
2023-12-06 16:45:53,047 [Worker-115: Building] WARN  o.e.m.c.i.embedder.EclipseLogger - Using platform encoding (UTF-8 actually) to copy filtered resources, i.e. build is platform dependent!
2023-12-06 16:45:53,048 [Worker-115: Building] INFO  o.e.m.c.i.embedder.EclipseLogger - skip non existing resourceDirectory C:\Users\fatim\OneDrive\Documentos\Eclipse-workspaces\Cursodia\JavaEE\TiendaVideojuegos\src\test\resources
2023-12-06 16:46:35,445 [Worker-108: Building] WARN  o.e.m.c.i.embedder.EclipseLogger - Using platform encoding (UTF-8 actually) to copy filtered resources, i.e. build is platform dependent!
2023-12-06 16:46:35,447 [Worker-108: Building] INFO  o.e.m.c.i.embedder.EclipseLogger - skip non existing resourceDirectory C:\Users\fatim\OneDrive\Documentos\Eclipse-workspaces\Cursodia\JavaEE\TiendaVideojuegos\src\main\resources
2023-12-06 16:46:35,447 [Worker-108: Building] WARN  o.e.m.c.i.embedder.EclipseLogger - Using platform encoding (UTF-8 actually) to copy filtered resources, i.e. build is platform dependent!
2023-12-06 16:46:35,448 [Worker-108: Building] INFO  o.e.m.c.i.embedder.EclipseLogger - skip non existing resourceDirectory C:\Users\fatim\OneDrive\Documentos\Eclipse-workspaces\Cursodia\JavaEE\TiendaVideojuegos\src\test\resources
2023-12-06 16:46:57,968 [Worker-111: Building] WARN  o.e.m.c.i.embedder.EclipseLogger - Using platform encoding (UTF-8 actually) to copy filtered resources, i.e. build is platform dependent!
2023-12-06 16:46:57,969 [Worker-111: Building] INFO  o.e.m.c.i.embedder.EclipseLogger - skip non existing resourceDirectory C:\Users\fatim\OneDrive\Documentos\Eclipse-workspaces\Cursodia\JavaEE\TiendaVideojuegos\src\main\resources
2023-12-06 16:46:57,969 [Worker-111: Building] WARN  o.e.m.c.i.embedder.EclipseLogger - Using platform encoding (UTF-8 actually) to copy filtered resources, i.e. build is platform dependent!
2023-12-06 16:46:57,969 [Worker-111: Building] INFO  o.e.m.c.i.embedder.EclipseLogger - skip non existing resourceDirectory C:\Users\fatim\OneDrive\Documentos\Eclipse-workspaces\Cursodia\JavaEE\TiendaVideojuegos\src\test\resources
